Using pre-set license
Built from '2022.1/staging' branch; Version is '2022.1.16f1 (7321c9670bc2) revision 7545289'; Using compiler version '192829333'; Build Type 'Release'
OS: 'Windows 10  (10.0.19045) 64bit Core' Language: 'en' Physical Memory: 16306 MB
BatchMode: 1, IsHumanControllingUs: 0, StartBugReporterOnCrash: 0, Is64bit: 1, IsPro: 1

COMMAND LINE ARGUMENTS:
C:\Program Files\Unity\Hub\Editor\2022.1.16f1\Editor\Unity.exe
-adb2
-batchMode
-noUpm
-name
AssetImportWorker0
-projectPath
C:/Users/Owner/Desktop/Unity/Games/3D-RPG
-logFile
Logs/AssetImportWorker0.log
-srvPort
50492
Successfully changed project path to: C:/Users/Owner/Desktop/Unity/Games/3D-RPG
C:/Users/Owner/Desktop/Unity/Games/3D-RPG
[UnityMemory] Configuration Parameters - Can be set up in boot.config
    "memorysetup-bucket-allocator-granularity=16"
    "memorysetup-bucket-allocator-bucket-count=8"
    "memorysetup-bucket-allocator-block-size=33554432"
    "memorysetup-bucket-allocator-block-count=8"
    "memorysetup-main-allocator-block-size=16777216"
    "memorysetup-thread-allocator-block-size=16777216"
    "memorysetup-gfx-main-allocator-block-size=16777216"
    "memorysetup-gfx-thread-allocator-block-size=16777216"
    "memorysetup-cache-allocator-block-size=4194304"
    "memorysetup-typetree-allocator-block-size=2097152"
    "memorysetup-profiler-bucket-allocator-granularity=16"
    "memorysetup-profiler-bucket-allocator-bucket-count=8"
    "memorysetup-profiler-bucket-allocator-block-size=33554432"
    "memorysetup-profiler-bucket-allocator-block-count=8"
    "memorysetup-profiler-allocator-block-size=16777216"
    "memorysetup-profiler-editor-allocator-block-size=1048576"
    "memorysetup-temp-allocator-size-main=16777216"
    "memorysetup-job-temp-allocator-block-size=2097152"
    "memorysetup-job-temp-allocator-block-size-background=1048576"
    "memorysetup-job-temp-allocator-reduction-small-platforms=262144"
    "memorysetup-temp-allocator-size-background-worker=32768"
    "memorysetup-temp-allocator-size-job-worker=262144"
    "memorysetup-temp-allocator-size-preload-manager=33554432"
    "memorysetup-temp-allocator-size-nav-mesh-worker=65536"
    "memorysetup-temp-allocator-size-audio-worker=65536"
    "memorysetup-temp-allocator-size-cloud-worker=32768"
    "memorysetup-temp-allocator-size-gi-baking-worker=262144"
    "memorysetup-temp-allocator-size-gfx=262144"
Refreshing native plugins compatible for Editor in 92.78 ms, found 4 plugins.
Preloading 0 native plugins for Editor in 0.00 ms.
Initialize engine version: 2022.1.16f1 (7321c9670bc2)
[Subsystems] Discovering subsystems at path C:/Program Files/Unity/Hub/Editor/2022.1.16f1/Editor/Data/Resources/UnitySubsystems
[Subsystems] Discovering subsystems at path C:/Users/Owner/Desktop/Unity/Games/3D-RPG/Assets
GfxDevice: creating device client; threaded=0; jobified=0
Direct3D:
    Version:  Direct3D 11.0 [level 11.1]
    Renderer: NVIDIA GeForce RTX 3070 (ID=0x2484)
    Vendor:   NVIDIA
    VRAM:     8031 MB
    Driver:   31.0.15.3640
Initialize mono
Mono path[0] = 'C:/Program Files/Unity/Hub/Editor/2022.1.16f1/Editor/Data/Managed'
Mono path[1] = 'C:/Program Files/Unity/Hub/Editor/2022.1.16f1/Editor/Data/MonoBleedingEdge/lib/mono/unityjit-win32'
Mono config path = 'C:/Program Files/Unity/Hub/Editor/2022.1.16f1/Editor/Data/MonoBleedingEdge/etc'
Using monoOptions --debugger-agent=transport=dt_socket,embedding=1,server=y,suspend=n,address=127.0.0.1:56540
Begin MonoManager ReloadAssembly
Registering precompiled unity dll's ...
Register platform support module: C:/Program Files/Unity/Hub/Editor/2022.1.16f1/Editor/Data/PlaybackEngines/WebGLSupport/UnityEditor.WebGL.Extensions.dll
Register platform support module: C:/Program Files/Unity/Hub/Editor/2022.1.16f1/Editor/Data/PlaybackEngines/WindowsStandaloneSupport/UnityEditor.WindowsStandalone.Extensions.dll
Registered in 0.008335 seconds.
Native extension for WindowsStandalone target not found
Native extension for WebGL target not found
Refreshing native plugins compatible for Editor in 85.48 ms, found 4 plugins.
Preloading 0 native plugins for Editor in 0.00 ms.
Mono: successfully reloaded assembly
- Completed reload, in  0.509 seconds
Domain Reload Profiling:
	ReloadAssembly (509ms)
		BeginReloadAssembly (61ms)
			ExecutionOrderSort (0ms)
			DisableScriptedObjects (0ms)
			BackupInstance (0ms)
			ReleaseScriptingObjects (0ms)
			CreateAndSetChildDomain (1ms)
		EndReloadAssembly (357ms)
			LoadAssemblies (58ms)
			RebuildTransferFunctionScriptingTraits (0ms)
			SetupTypeCache (76ms)
				TypeCache.Initialize (76ms)
					TypeCache.ScanAssembly (75ms)
				ResolveRequiredComponents (0ms)
			ReleaseScriptCaches (0ms)
			RebuildScriptCaches (17ms)
			SetupLoadedEditorAssemblies (221ms)
				LogAssemblyErrors (0ms)
				InitializePlatformSupportModulesInManaged (8ms)
				SetLoadedEditorAssemblies (5ms)
				RefreshPlugins (86ms)
				BeforeProcessingInitializeOnLoad (1ms)
				ProcessInitializeOnLoadAttributes (91ms)
				ProcessInitializeOnLoadMethodAttributes (30ms)
				AfterProcessingInitializeOnLoad (0ms)
				EditorAssembliesLoaded (0ms)
			ExecutionOrderSort2 (0ms)
			AwakeInstancesAfterBackupRestoration (0ms)
Platform modules already initialized, skipping
Registering precompiled user dll's ...
Registered in 0.012635 seconds.
Begin MonoManager ReloadAssembly
Symbol file LoadedFromMemory doesn't match image C:\Users\Owner\Desktop\Unity\Games\3D-RPG\Library\PackageCache\com.unity.visualscripting@1.7.8\Editor\VisualScripting.Core\Dependencies\YamlDotNet\Unity.VisualScripting.YamlDotNet.dll
Symbol file LoadedFromMemory doesn't match image C:\Users\Owner\Desktop\Unity\Games\3D-RPG\Library\PackageCache\com.unity.visualscripting@1.7.8\Editor\VisualScripting.Core\Dependencies\DotNetZip\Unity.VisualScripting.IonicZip.dll
Native extension for WindowsStandalone target not found
Native extension for WebGL target not found
Refreshing native plugins compatible for Editor in 114.41 ms, found 4 plugins.
Preloading 0 native plugins for Editor in 0.00 ms.
Mono: successfully reloaded assembly
- Completed reload, in  1.186 seconds
Domain Reload Profiling:
	ReloadAssembly (1187ms)
		BeginReloadAssembly (88ms)
			ExecutionOrderSort (0ms)
			DisableScriptedObjects (4ms)
			BackupInstance (0ms)
			ReleaseScriptingObjects (0ms)
			CreateAndSetChildDomain (17ms)
		EndReloadAssembly (998ms)
			LoadAssemblies (81ms)
			RebuildTransferFunctionScriptingTraits (0ms)
			SetupTypeCache (217ms)
				TypeCache.Initialize (207ms)
					TypeCache.ScanAssembly (203ms)
				ResolveRequiredComponents (10ms)
			ReleaseScriptCaches (1ms)
			RebuildScriptCaches (57ms)
			SetupLoadedEditorAssemblies (594ms)
				LogAssemblyErrors (0ms)
				InitializePlatformSupportModulesInManaged (8ms)
				SetLoadedEditorAssemblies (5ms)
				RefreshPlugins (114ms)
				BeforeProcessingInitializeOnLoad (103ms)
				ProcessInitializeOnLoadAttributes (294ms)
				ProcessInitializeOnLoadMethodAttributes (59ms)
				AfterProcessingInitializeOnLoad (10ms)
				EditorAssembliesLoaded (0ms)
			ExecutionOrderSort2 (0ms)
			AwakeInstancesAfterBackupRestoration (4ms)
Platform modules already initialized, skipping
========================================================================
Worker process is ready to serve import requests
Launched and connected shader compiler UnityShaderCompiler.exe after 0.03 seconds
Refreshing native plugins compatible for Editor in 0.95 ms, found 4 plugins.
Preloading 0 native plugins for Editor in 0.00 ms.
Unloading 6040 Unused Serialized files (Serialized files now loaded: 0)
Unloading 61 unused Assets / (426.0 KB). Loaded Objects now: 6617.
Memory consumption went from 0.93 GB to 0.93 GB.
Total: 4.013500 ms (FindLiveObjects: 0.531200 ms CreateObjectMapping: 0.137700 ms MarkObjects: 3.155500 ms  DeleteObjects: 0.187400 ms)

AssetImportParameters requested are different than current active one (requested -> active):
  custom:video-decoder-ogg-theora: a1e56fd34408186e4bbccfd4996cb3dc -> 
  custom:container-muxer-webm: aa71ff27fc2769a1b78a27578f13a17b -> 
  custom:container-demuxer-webm: 4f35f7cbe854078d1ac9338744f61a02 -> 
  custom:video-encoder-webm-vp8: eb34c28f22e8b96e1ab97ce403110664 -> 
  custom:audio-encoder-webm-vorbis: bf7c407c2cedff20999df2af8eb42d56 -> 
  custom:framework-win-MediaFoundation: 216162199b28c13a410421893ffa2e32 -> 
  custom:container-demuxer-ogg: 62fdf1f143b41e24485cea50d1cbac27 -> 
  custom:video-decoder-webm-vp8: 9c59270c3fd7afecdb556c50c9e8de78 -> 
  custom:audio-decoder-ogg-vorbis: bf7c407c2cedff20999df2af8eb42d56 -> 
========================================================================
Received Import Request.
  Time since last request: 1629.682775 seconds.
  path: Assets/Scenes/SampleScene 1.unity
  artifactKey: Guid(57b4c8df9bee109459556d274a11563b) Importer(815301076,1909f56bfc062723c751e8b465ee728b)
Start importing Assets/Scenes/SampleScene 1.unity using Guid(57b4c8df9bee109459556d274a11563b) Importer(815301076,1909f56bfc062723c751e8b465ee728b)  -> (artifact id: 'bf13412c80c90256eb583d3f50934df6') in 0.014817 seconds 
========================================================================
Received Import Request.
  Time since last request: 2.801296 seconds.
  path: Assets/Scenes/Area.unity
  artifactKey: Guid(57b4c8df9bee109459556d274a11563b) Importer(815301076,1909f56bfc062723c751e8b465ee728b)
Start importing Assets/Scenes/Area.unity using Guid(57b4c8df9bee109459556d274a11563b) Importer(815301076,1909f56bfc062723c751e8b465ee728b)  -> (artifact id: '5552a5bff43849c9ec91d4e8a19d6a0d') in 0.005793 seconds 
========================================================================
Received Import Request.
  Time since last request: 75.587087 seconds.
  path: Assets/New Terrain.asset
  artifactKey: Guid(30798b388ac578c409e3db8dffefc5e3) Importer(815301076,1909f56bfc062723c751e8b465ee728b)
Start importing Assets/New Terrain.asset using Guid(30798b388ac578c409e3db8dffefc5e3) Importer(815301076,1909f56bfc062723c751e8b465ee728b)  -> (artifact id: 'a88268d7eb9ab981a5d3d4468e0a2fc6') in 0.046680 seconds 
========================================================================
Received Import Request.
  Time since last request: 39.084273 seconds.
  path: Packages/com.unity.render-pipelines.universal/Runtime/Materials/Decal.mat
  artifactKey: Guid(31d0dcc6f2dd4e4408d18036a2c93862) Importer(815301076,1909f56bfc062723c751e8b465ee728b)
Start importing Packages/com.unity.render-pipelines.universal/Runtime/Materials/Decal.mat using Guid(31d0dcc6f2dd4e4408d18036a2c93862) Importer(815301076,1909f56bfc062723c751e8b465ee728b)  -> (artifact id: 'e76d3548ec72aaad9d4e07590cb4d664') in 0.195601 seconds 
========================================================================
Received Import Request.
  Time since last request: 0.000031 seconds.
  path: Packages/com.unity.render-pipelines.universal/Runtime/Materials/SpatialMappingOcclusion.mat
  artifactKey: Guid(b51db210fe78df745a372851b3db949e) Importer(815301076,1909f56bfc062723c751e8b465ee728b)
Start importing Packages/com.unity.render-pipelines.universal/Runtime/Materials/SpatialMappingOcclusion.mat using Guid(b51db210fe78df745a372851b3db949e) Importer(815301076,1909f56bfc062723c751e8b465ee728b)  -> (artifact id: 'e329ba3cf2e895b94bfb99142668f0c6') in 0.018791 seconds 
========================================================================
Received Import Request.
  Time since last request: 0.000034 seconds.
  path: Packages/com.unity.render-pipelines.universal/Runtime/Materials/TerrainLit.mat
  artifactKey: Guid(594ea882c5a793440b60ff72d896021e) Importer(815301076,1909f56bfc062723c751e8b465ee728b)
Start importing Packages/com.unity.render-pipelines.universal/Runtime/Materials/TerrainLit.mat using Guid(594ea882c5a793440b60ff72d896021e) Importer(815301076,1909f56bfc062723c751e8b465ee728b)  -> (artifact id: '66014f4ff2303919abdb266581a323ea') in 1.047023 seconds 
========================================================================
Received Import Request.
  Time since last request: 39.449707 seconds.
  path: Assets/Textures/Gridbox/Checker Floor 4.mat
  artifactKey: Guid(2dc65f7def81b9348b5f21065121a1e8) Importer(815301076,1909f56bfc062723c751e8b465ee728b)
Start importing Assets/Textures/Gridbox/Checker Floor 4.mat using Guid(2dc65f7def81b9348b5f21065121a1e8) Importer(815301076,1909f56bfc062723c751e8b465ee728b)  -> (artifact id: '0ecb24a69313ac40d1a9426168d2da75') in 0.018567 seconds 
========================================================================
Received Import Request.
  Time since last request: 156.276729 seconds.
  path: Assets/Fantasy Skybox FREE
  artifactKey: Guid(08614004112789e4a92b759ba78ca6fe) Importer(815301076,1909f56bfc062723c751e8b465ee728b)
Start importing Assets/Fantasy Skybox FREE using Guid(08614004112789e4a92b759ba78ca6fe) Importer(815301076,1909f56bfc062723c751e8b465ee728b)  -> (artifact id: '30fc9880ad110b5af4516f14230fd36c') in 0.006847 seconds 
========================================================================
Received Import Request.
  Time since last request: 5.913769 seconds.
  path: Assets/Skyboxs
  artifactKey: Guid(08614004112789e4a92b759ba78ca6fe) Importer(815301076,1909f56bfc062723c751e8b465ee728b)
Start importing Assets/Skyboxs using Guid(08614004112789e4a92b759ba78ca6fe) Importer(815301076,1909f56bfc062723c751e8b465ee728b)  -> (artifact id: 'a91f2570f6ca04e6e96a5eedc618c9e1') in 0.009405 seconds 
========================================================================
Received Import Request.
  Time since last request: 8.535073 seconds.
  path: Assets/Textures/Skyboxes
  artifactKey: Guid(08614004112789e4a92b759ba78ca6fe) Importer(815301076,1909f56bfc062723c751e8b465ee728b)
Start importing Assets/Textures/Skyboxes using Guid(08614004112789e4a92b759ba78ca6fe) Importer(815301076,1909f56bfc062723c751e8b465ee728b)  -> (artifact id: '57d4fe863b64da84252584a26f38100d') in 0.006309 seconds 
========================================================================
Received Import Request.
  Time since last request: 2.268498 seconds.
  path: Assets/Textures/Skyboxes/ReleaseNotes.txt
  artifactKey: Guid(f4bb2358699d96a43b3bfb9dcd59213f) Importer(815301076,1909f56bfc062723c751e8b465ee728b)
Start importing Assets/Textures/Skyboxes/ReleaseNotes.txt using Guid(f4bb2358699d96a43b3bfb9dcd59213f) Importer(815301076,1909f56bfc062723c751e8b465ee728b)  -> (artifact id: '3c853bef43b6ec21dbe035e5b2dc7746') in 0.011755 seconds 
========================================================================
Received Import Request.
  Time since last request: 0.823075 seconds.
  path: Assets/Textures/Skyboxes/Readme.txt
  artifactKey: Guid(53399a9960b4d94419f1b8fa47c146b7) Importer(815301076,1909f56bfc062723c751e8b465ee728b)
Start importing Assets/Textures/Skyboxes/Readme.txt using Guid(53399a9960b4d94419f1b8fa47c146b7) Importer(815301076,1909f56bfc062723c751e8b465ee728b)  -> (artifact id: '6d11120bd92c17d106e8152070aadee8') in 0.006924 seconds 
========================================================================
Received Import Request.
  Time since last request: 2.305568 seconds.
  path: Assets/Textures/Skyboxes/Scenes
  artifactKey: Guid(9d20d945c0685494ba906e939e1dd86f) Importer(815301076,1909f56bfc062723c751e8b465ee728b)
Start importing Assets/Textures/Skyboxes/Scenes using Guid(9d20d945c0685494ba906e939e1dd86f) Importer(815301076,1909f56bfc062723c751e8b465ee728b)  -> (artifact id: '08b3704cce6226ed2c8a8aa113a5b00b') in 0.008047 seconds 
========================================================================
Received Import Request.
  Time since last request: 0.233115 seconds.
  path: Assets/Textures/Skyboxes/Scenes/Brush_Flower.png
  artifactKey: Guid(0d383f0cd0395064eb4b64619b2840f3) Importer(815301076,1909f56bfc062723c751e8b465ee728b)
Start importing Assets/Textures/Skyboxes/Scenes/Brush_Flower.png using Guid(0d383f0cd0395064eb4b64619b2840f3) Importer(815301076,1909f56bfc062723c751e8b465ee728b)  -> (artifact id: 'c7fb5f7814da7fecaa1c45f4884e9a36') in 0.067108 seconds 
========================================================================
Received Import Request.
  Time since last request: 0.000021 seconds.
  path: Assets/Textures/Skyboxes/Scenes/Texture_Grass_Normal.png
  artifactKey: Guid(69e10fcec9984ba4f839a5693383c57e) Importer(815301076,1909f56bfc062723c751e8b465ee728b)
Start importing Assets/Textures/Skyboxes/Scenes/Texture_Grass_Normal.png using Guid(69e10fcec9984ba4f839a5693383c57e) Importer(815301076,1909f56bfc062723c751e8b465ee728b)  -> (artifact id: 'e83da370b992bf33efc5715b1f634d7b') in 0.015083 seconds 
========================================================================
Received Import Request.
  Time since last request: 0.000021 seconds.
  path: Assets/Textures/Skyboxes/Scenes/Texture_Rock_Diffuse.png
  artifactKey: Guid(5749f76eaefd4464d864cb20ae8451aa) Importer(815301076,1909f56bfc062723c751e8b465ee728b)
Start importing Assets/Textures/Skyboxes/Scenes/Texture_Rock_Diffuse.png using Guid(5749f76eaefd4464d864cb20ae8451aa) Importer(815301076,1909f56bfc062723c751e8b465ee728b)  -> (artifact id: '58d6ea1dfcca90579bff84d7268ec15f') in 0.013107 seconds 
========================================================================
Received Import Request.
  Time since last request: 0.000022 seconds.
  path: Assets/Textures/Skyboxes/Scenes/TerrainRock.terrainlayer
  artifactKey: Guid(ca948470117be2143a600fa882a2b77a) Importer(815301076,1909f56bfc062723c751e8b465ee728b)
Start importing Assets/Textures/Skyboxes/Scenes/TerrainRock.terrainlayer using Guid(ca948470117be2143a600fa882a2b77a) Importer(815301076,1909f56bfc062723c751e8b465ee728b)  -> (artifact id: '09bd5cc6fb0751bacca5d8f664b0129a') in 0.023247 seconds 
========================================================================
Received Import Request.
  Time since last request: 0.000023 seconds.
  path: Assets/Textures/Skyboxes/Scenes/TerrainDirt.terrainlayer
  artifactKey: Guid(d62e27a62f70e074eba77bbd9259e732) Importer(815301076,1909f56bfc062723c751e8b465ee728b)
Start importing Assets/Textures/Skyboxes/Scenes/TerrainDirt.terrainlayer using Guid(d62e27a62f70e074eba77bbd9259e732) Importer(815301076,1909f56bfc062723c751e8b465ee728b)  -> (artifact id: '8041fb3004fcc91781d76b0ce72fb39c') in 0.016165 seconds 
========================================================================
Received Import Request.
  Time since last request: 0.000028 seconds.
  path: Assets/Textures/Skyboxes/Scenes/Texure_Rock_Normal.png
  artifactKey: Guid(758b1fc63752a1e44957111d5af9b00c) Importer(815301076,1909f56bfc062723c751e8b465ee728b)
Start importing Assets/Textures/Skyboxes/Scenes/Texure_Rock_Normal.png using Guid(758b1fc63752a1e44957111d5af9b00c) Importer(815301076,1909f56bfc062723c751e8b465ee728b)  -> (artifact id: 'c99637bcf85e89b18044e52bd00ed41d') in 0.013886 seconds 
========================================================================
Received Import Request.
  Time since last request: 0.000026 seconds.
  path: Assets/Textures/Skyboxes/Scenes/TerrainGrass.terrainlayer
  artifactKey: Guid(adb6478a7f24de14eb356d6dc3d0c502) Importer(815301076,1909f56bfc062723c751e8b465ee728b)
Start importing Assets/Textures/Skyboxes/Scenes/TerrainGrass.terrainlayer using Guid(adb6478a7f24de14eb356d6dc3d0c502) Importer(815301076,1909f56bfc062723c751e8b465ee728b)  -> (artifact id: '248bffc157a3c3522e4af241678831b6') in 0.014910 seconds 
========================================================================
Received Import Request.
  Time since last request: 0.000020 seconds.
  path: Assets/Textures/Skyboxes/Scenes/Texture_Dirt_Diffuse.png
  artifactKey: Guid(37d1938c74868484ea08b34225eb73b7) Importer(815301076,1909f56bfc062723c751e8b465ee728b)
Start importing Assets/Textures/Skyboxes/Scenes/Texture_Dirt_Diffuse.png using Guid(37d1938c74868484ea08b34225eb73b7) Importer(815301076,1909f56bfc062723c751e8b465ee728b)  -> (artifact id: '3177fa7722a68622bfefe98350577c0e') in 0.012513 seconds 
========================================================================
Received Import Request.
  Time since last request: 4.966072 seconds.
  path: Assets/Textures/Skyboxes/Panoramics
  artifactKey: Guid(e0454b514da2ecd429e000f40050d4fa) Importer(815301076,1909f56bfc062723c751e8b465ee728b)
Start importing Assets/Textures/Skyboxes/Panoramics using Guid(e0454b514da2ecd429e000f40050d4fa) Importer(815301076,1909f56bfc062723c751e8b465ee728b)  -> (artifact id: '423bfdaa3af26781dea13334a221e308') in 0.006579 seconds 
========================================================================
Received Import Request.
  Time since last request: 1.638575 seconds.
  path: Assets/Textures/Skyboxes/Panoramics/FS002
  artifactKey: Guid(c862ef60191075042a6f4ac7dd6f19b1) Importer(815301076,1909f56bfc062723c751e8b465ee728b)
Start importing Assets/Textures/Skyboxes/Panoramics/FS002 using Guid(c862ef60191075042a6f4ac7dd6f19b1) Importer(815301076,1909f56bfc062723c751e8b465ee728b)  -> (artifact id: '7432f092f7b846e23f4435fd028d6c4a') in 0.006833 seconds 
========================================================================
Received Import Request.
  Time since last request: 0.057702 seconds.
  path: Assets/Textures/Skyboxes/Panoramics/FS002/FS002_Day.mat
  artifactKey: Guid(9ca22510633fbfd4399f1704cd9d5c72) Importer(815301076,1909f56bfc062723c751e8b465ee728b)
Start importing Assets/Textures/Skyboxes/Panoramics/FS002/FS002_Day.mat using Guid(9ca22510633fbfd4399f1704cd9d5c72) Importer(815301076,1909f56bfc062723c751e8b465ee728b)  -> (artifact id: '311c5c72aaacb083422f895977afab70') in 0.057008 seconds 
========================================================================
Received Import Request.
  Time since last request: 0.000022 seconds.
  path: Assets/Textures/Skyboxes/Panoramics/FS002/FS002_Sunset.png
  artifactKey: Guid(88c4ef1770f6491408e50fd96829b1b6) Importer(815301076,1909f56bfc062723c751e8b465ee728b)
Start importing Assets/Textures/Skyboxes/Panoramics/FS002/FS002_Sunset.png using Guid(88c4ef1770f6491408e50fd96829b1b6) Importer(815301076,1909f56bfc062723c751e8b465ee728b)  -> (artifact id: '6df234880e5038fe6897b0b838b545ca') in 0.016931 seconds 
========================================================================
Received Import Request.
  Time since last request: 0.000030 seconds.
  path: Assets/Textures/Skyboxes/Panoramics/FS002/FS002_Sunset.mat
  artifactKey: Guid(44d0573bf6d91e447b62f3aff840f2ae) Importer(815301076,1909f56bfc062723c751e8b465ee728b)
Start importing Assets/Textures/Skyboxes/Panoramics/FS002/FS002_Sunset.mat using Guid(44d0573bf6d91e447b62f3aff840f2ae) Importer(815301076,1909f56bfc062723c751e8b465ee728b)  -> (artifact id: 'fe3cee009b90159745a1b80fd4c13501') in 0.014602 seconds 
========================================================================
Received Import Request.
  Time since last request: 0.000019 seconds.
  path: Assets/Textures/Skyboxes/Panoramics/FS002/FS002_Night_Moonless.png
  artifactKey: Guid(13ec4f589b2340646969832fc2e68ec6) Importer(815301076,1909f56bfc062723c751e8b465ee728b)
Start importing Assets/Textures/Skyboxes/Panoramics/FS002/FS002_Night_Moonless.png using Guid(13ec4f589b2340646969832fc2e68ec6) Importer(815301076,1909f56bfc062723c751e8b465ee728b)  -> (artifact id: '5b90057f10e3b59e4c59329be7970592') in 0.014644 seconds 
========================================================================
Received Import Request.
  Time since last request: 0.000016 seconds.
  path: Assets/Textures/Skyboxes/Panoramics/FS002/FS002_Snowy.png
  artifactKey: Guid(0ffe8585761fae642bd4d7d85819a5f5) Importer(815301076,1909f56bfc062723c751e8b465ee728b)
Start importing Assets/Textures/Skyboxes/Panoramics/FS002/FS002_Snowy.png using Guid(0ffe8585761fae642bd4d7d85819a5f5) Importer(815301076,1909f56bfc062723c751e8b465ee728b)  -> (artifact id: '8ecc73c2c071a6bd7480c218c4d5d5e2') in 0.027884 seconds 
========================================================================
Received Import Request.
  Time since last request: 0.000021 seconds.
  path: Assets/Textures/Skyboxes/Panoramics/FS002/FS002_Rainy.mat
  artifactKey: Guid(b5a27fa4b11bfb24cbc6daff3802c229) Importer(815301076,1909f56bfc062723c751e8b465ee728b)
Start importing Assets/Textures/Skyboxes/Panoramics/FS002/FS002_Rainy.mat using Guid(b5a27fa4b11bfb24cbc6daff3802c229) Importer(815301076,1909f56bfc062723c751e8b465ee728b)  -> (artifact id: '33295e6a6f951d1e903a7ef1388170e9') in 0.027924 seconds 
========================================================================
Received Import Request.
  Time since last request: 0.000019 seconds.
  path: Assets/Textures/Skyboxes/Panoramics/FS002/FS002_Night_Moonless.mat
  artifactKey: Guid(1cc6e6796f833a94f94e6d794ca654c3) Importer(815301076,1909f56bfc062723c751e8b465ee728b)
Start importing Assets/Textures/Skyboxes/Panoramics/FS002/FS002_Night_Moonless.mat using Guid(1cc6e6796f833a94f94e6d794ca654c3) Importer(815301076,1909f56bfc062723c751e8b465ee728b)  -> (artifact id: '9eece643853f61d01455dfb4a645e0ac') in 0.015547 seconds 
========================================================================
Received Import Request.
  Time since last request: 0.000028 seconds.
  path: Assets/Textures/Skyboxes/Panoramics/FS002/FS002_Snowy.mat
  artifactKey: Guid(7b0f2096b49ccfb4f8b47c8084d650fa) Importer(815301076,1909f56bfc062723c751e8b465ee728b)
Start importing Assets/Textures/Skyboxes/Panoramics/FS002/FS002_Snowy.mat using Guid(7b0f2096b49ccfb4f8b47c8084d650fa) Importer(815301076,1909f56bfc062723c751e8b465ee728b)  -> (artifact id: 'abe6fbb651372ac3beb979c3f86dfa15') in 0.014452 seconds 
========================================================================
Received Import Request.
  Time since last request: 9.156581 seconds.
  path: Assets/Textures/Skyboxes/Cubemaps
  artifactKey: Guid(b40198e48fec1db4ba2bdbb96a9e1e9b) Importer(815301076,1909f56bfc062723c751e8b465ee728b)
Start importing Assets/Textures/Skyboxes/Cubemaps using Guid(b40198e48fec1db4ba2bdbb96a9e1e9b) Importer(815301076,1909f56bfc062723c751e8b465ee728b)  -> (artifact id: 'bc997ab94c974e36e89643ce863a2102') in 0.009021 seconds 
========================================================================
Received Import Request.
  Time since last request: 0.822392 seconds.
  path: Assets/Textures/Skyboxes/Cubemaps/Classic
  artifactKey: Guid(69ee00d9176dabc4687615071b161c20) Importer(815301076,1909f56bfc062723c751e8b465ee728b)
Start importing Assets/Textures/Skyboxes/Cubemaps/Classic using Guid(69ee00d9176dabc4687615071b161c20) Importer(815301076,1909f56bfc062723c751e8b465ee728b)  -> (artifact id: 'b79e35faaadb01005bf990a7caf07006') in 0.008234 seconds 
========================================================================
Received Import Request.
  Time since last request: 0.061031 seconds.
  path: Assets/Textures/Skyboxes/Cubemaps/Classic/FS000_Day_01.mat
  artifactKey: Guid(12ccb828343c3405fb94289774b51aad) Importer(815301076,1909f56bfc062723c751e8b465ee728b)
Start importing Assets/Textures/Skyboxes/Cubemaps/Classic/FS000_Day_01.mat using Guid(12ccb828343c3405fb94289774b51aad) Importer(815301076,1909f56bfc062723c751e8b465ee728b)  -> (artifact id: '23a3b856e1685bfc166add8c2b429a8e') in 0.037536 seconds 
========================================================================
Received Import Request.
  Time since last request: 0.000023 seconds.
  path: Assets/Textures/Skyboxes/Cubemaps/Classic/FS000_Day_06_Sunless.mat
  artifactKey: Guid(5c8d5031ce45e4962818ca2b5426a8cf) Importer(815301076,1909f56bfc062723c751e8b465ee728b)
Start importing Assets/Textures/Skyboxes/Cubemaps/Classic/FS000_Day_06_Sunless.mat using Guid(5c8d5031ce45e4962818ca2b5426a8cf) Importer(815301076,1909f56bfc062723c751e8b465ee728b)  -> (artifact id: '558c97e1f557750b74c780c72d8e2c02') in 0.013805 seconds 
========================================================================
Received Import Request.
  Time since last request: 0.000029 seconds.
  path: Assets/Textures/Skyboxes/Cubemaps/Classic/FS000_Day_03_Sunless.mat
  artifactKey: Guid(8f2c8ef98c47442d4b0e1896539bf7f1) Importer(815301076,1909f56bfc062723c751e8b465ee728b)
Start importing Assets/Textures/Skyboxes/Cubemaps/Classic/FS000_Day_03_Sunless.mat using Guid(8f2c8ef98c47442d4b0e1896539bf7f1) Importer(815301076,1909f56bfc062723c751e8b465ee728b)  -> (artifact id: '0dc8dc57c7c0c87d44abbf778a97cb20') in 0.013451 seconds 
========================================================================
Received Import Request.
  Time since last request: 0.000028 seconds.
  path: Assets/Textures/Skyboxes/Cubemaps/Classic/FS000_Day_03.png
  artifactKey: Guid(24941804827e1524eb70477f7f68a111) Importer(815301076,1909f56bfc062723c751e8b465ee728b)
Start importing Assets/Textures/Skyboxes/Cubemaps/Classic/FS000_Day_03.png using Guid(24941804827e1524eb70477f7f68a111) Importer(815301076,1909f56bfc062723c751e8b465ee728b)  -> (artifact id: 'a792b46760006f50bb2d0626be71354f') in 0.034522 seconds 
========================================================================
Received Import Request.
  Time since last request: 0.000022 seconds.
  path: Assets/Textures/Skyboxes/Cubemaps/Classic/FS000_Night_01_Moonless.mat
  artifactKey: Guid(1065b432639a84123a07ea43fe5ba4c9) Importer(815301076,1909f56bfc062723c751e8b465ee728b)
Start importing Assets/Textures/Skyboxes/Cubemaps/Classic/FS000_Night_01_Moonless.mat using Guid(1065b432639a84123a07ea43fe5ba4c9) Importer(815301076,1909f56bfc062723c751e8b465ee728b)  -> (artifact id: '83cf6e42e1e683819da789b9e6dcd7fb') in 0.015387 seconds 
========================================================================
Received Import Request.
  Time since last request: 0.000122 seconds.
  path: Assets/Textures/Skyboxes/Cubemaps/Classic/FS000_Day_05_Sunless.mat
  artifactKey: Guid(eea6dc32b86944868a305f6c94f8d7e4) Importer(815301076,1909f56bfc062723c751e8b465ee728b)
Start importing Assets/Textures/Skyboxes/Cubemaps/Classic/FS000_Day_05_Sunless.mat using Guid(eea6dc32b86944868a305f6c94f8d7e4) Importer(815301076,1909f56bfc062723c751e8b465ee728b)  -> (artifact id: 'c6e2646d560e116f467b843006c41aa1') in 0.014342 seconds 
========================================================================
Received Import Request.
  Time since last request: 0.000030 seconds.
  path: Assets/Textures/Skyboxes/Cubemaps/Classic/FS000_Night_02.mat
  artifactKey: Guid(8202c457dff32486ba5ae1f2f548d983) Importer(815301076,1909f56bfc062723c751e8b465ee728b)
Start importing Assets/Textures/Skyboxes/Cubemaps/Classic/FS000_Night_02.mat using Guid(8202c457dff32486ba5ae1f2f548d983) Importer(815301076,1909f56bfc062723c751e8b465ee728b)  -> (artifact id: '1826307c2b21fb78c0937ed3217e2c75') in 0.026165 seconds 
========================================================================
Received Import Request.
  Time since last request: 0.000026 seconds.
  path: Assets/Textures/Skyboxes/Cubemaps/Classic/FS000_Day_06.mat
  artifactKey: Guid(123caa41e84e041d0bd65bb3ae888dd1) Importer(815301076,1909f56bfc062723c751e8b465ee728b)
Start importing Assets/Textures/Skyboxes/Cubemaps/Classic/FS000_Day_06.mat using Guid(123caa41e84e041d0bd65bb3ae888dd1) Importer(815301076,1909f56bfc062723c751e8b465ee728b)  -> (artifact id: '2ee21fd300a016f5e5ae76810edc7027') in 0.018451 seconds 
========================================================================
Received Import Request.
  Time since last request: 0.000024 seconds.
  path: Assets/Textures/Skyboxes/Cubemaps/Classic/FS000_Day_02.png
  artifactKey: Guid(88c467166db994146961f1ecc5fc214e) Importer(815301076,1909f56bfc062723c751e8b465ee728b)
Start importing Assets/Textures/Skyboxes/Cubemaps/Classic/FS000_Day_02.png using Guid(88c467166db994146961f1ecc5fc214e) Importer(815301076,1909f56bfc062723c751e8b465ee728b)  -> (artifact id: '905df04a1e88bcd9999b7820c6207b09') in 0.032487 seconds 
========================================================================
Received Import Request.
  Time since last request: 0.000021 seconds.
  path: Assets/Textures/Skyboxes/Cubemaps/Classic/FS000_Day_01_Sunless.png
  artifactKey: Guid(d6a64d96999aec647a489f7d73c1a4c6) Importer(815301076,1909f56bfc062723c751e8b465ee728b)
Start importing Assets/Textures/Skyboxes/Cubemaps/Classic/FS000_Day_01_Sunless.png using Guid(d6a64d96999aec647a489f7d73c1a4c6) Importer(815301076,1909f56bfc062723c751e8b465ee728b)  -> (artifact id: 'f6c1c5d89f1aa7dbeccc06c63e022515') in 0.028867 seconds 
========================================================================
Received Import Request.
  Time since last request: 0.000029 seconds.
  path: Assets/Textures/Skyboxes/Cubemaps/Classic/FS000_Day_04_Sunless.png
  artifactKey: Guid(0e981c5218a661d479182696be5f084f) Importer(815301076,1909f56bfc062723c751e8b465ee728b)
Start importing Assets/Textures/Skyboxes/Cubemaps/Classic/FS000_Day_04_Sunless.png using Guid(0e981c5218a661d479182696be5f084f) Importer(815301076,1909f56bfc062723c751e8b465ee728b)  -> (artifact id: '384a347e1460d579843c408e59b8538c') in 0.029774 seconds 
========================================================================
Received Import Request.
  Time since last request: 0.000034 seconds.
  path: Assets/Textures/Skyboxes/Cubemaps/Classic/FS000_Day_05.mat
  artifactKey: Guid(e11f5b66aad75483b8cd16ee18a0c917) Importer(815301076,1909f56bfc062723c751e8b465ee728b)
Start importing Assets/Textures/Skyboxes/Cubemaps/Classic/FS000_Day_05.mat using Guid(e11f5b66aad75483b8cd16ee18a0c917) Importer(815301076,1909f56bfc062723c751e8b465ee728b)  -> (artifact id: 'b01c30364f99e86ae0a47c792be9a0d9') in 0.015607 seconds 
========================================================================
Received Import Request.
  Time since last request: 0.000022 seconds.
  path: Assets/Textures/Skyboxes/Cubemaps/Classic/FS000_Day_02_Sunless.mat
  artifactKey: Guid(99a400087584f4263b1a8979d6007ad4) Importer(815301076,1909f56bfc062723c751e8b465ee728b)
Start importing Assets/Textures/Skyboxes/Cubemaps/Classic/FS000_Day_02_Sunless.mat using Guid(99a400087584f4263b1a8979d6007ad4) Importer(815301076,1909f56bfc062723c751e8b465ee728b)  -> (artifact id: '140fa9babca2ff22a511dc82afc6cd78') in 0.014763 seconds 
========================================================================
Received Import Request.
  Time since last request: 0.000017 seconds.
  path: Assets/Textures/Skyboxes/Cubemaps/Classic/FS000_Night_01_Moonless.png
  artifactKey: Guid(ac8a32e5107b67a47939926c52798a2b) Importer(815301076,1909f56bfc062723c751e8b465ee728b)
Start importing Assets/Textures/Skyboxes/Cubemaps/Classic/FS000_Night_01_Moonless.png using Guid(ac8a32e5107b67a47939926c52798a2b) Importer(815301076,1909f56bfc062723c751e8b465ee728b)  -> (artifact id: '513fb62edb127d2987b432368b535396') in 0.027438 seconds 
========================================================================
Received Import Request.
  Time since last request: 0.000019 seconds.
  path: Assets/Textures/Skyboxes/Cubemaps/Classic/FS000_Day_02_Sunless.png
  artifactKey: Guid(a12ea62fd952d57439f49b6287da4762) Importer(815301076,1909f56bfc062723c751e8b465ee728b)
Start importing Assets/Textures/Skyboxes/Cubemaps/Classic/FS000_Day_02_Sunless.png using Guid(a12ea62fd952d57439f49b6287da4762) Importer(815301076,1909f56bfc062723c751e8b465ee728b)  -> (artifact id: 'd606e5b24f6e9c97f84bc9dd4b1636ed') in 0.024426 seconds 
========================================================================
Received Import Request.
  Time since last request: 0.000018 seconds.
  path: Assets/Textures/Skyboxes/Cubemaps/Classic/FS000_Day_04.mat
  artifactKey: Guid(1700716a8dd8948cf8c66ea34a2786d5) Importer(815301076,1909f56bfc062723c751e8b465ee728b)
Start importing Assets/Textures/Skyboxes/Cubemaps/Classic/FS000_Day_04.mat using Guid(1700716a8dd8948cf8c66ea34a2786d5) Importer(815301076,1909f56bfc062723c751e8b465ee728b)  -> (artifact id: '23249b5c8b7b2ed3704872982d65ba59') in 0.014124 seconds 
========================================================================
Received Import Request.
  Time since last request: 0.000018 seconds.
  path: Assets/Textures/Skyboxes/Cubemaps/Classic/FS000_Day_04.png
  artifactKey: Guid(599e20092e3297247ad7ecc4ba9caf00) Importer(815301076,1909f56bfc062723c751e8b465ee728b)
Start importing Assets/Textures/Skyboxes/Cubemaps/Classic/FS000_Day_04.png using Guid(599e20092e3297247ad7ecc4ba9caf00) Importer(815301076,1909f56bfc062723c751e8b465ee728b)  -> (artifact id: '3a30b407bda301f4e4e575be076d764e') in 0.026576 seconds 
========================================================================
Received Import Request.
  Time since last request: 0.000016 seconds.
  path: Assets/Textures/Skyboxes/Cubemaps/Classic/FS000_Day_06_Sunless.png
  artifactKey: Guid(5a80706490c0b9e458216d2d0bb6c8f5) Importer(815301076,1909f56bfc062723c751e8b465ee728b)
Start importing Assets/Textures/Skyboxes/Cubemaps/Classic/FS000_Day_06_Sunless.png using Guid(5a80706490c0b9e458216d2d0bb6c8f5) Importer(815301076,1909f56bfc062723c751e8b465ee728b)  -> (artifact id: '191ff0260ea89a4c76d83526e8855a6f') in 0.024719 seconds 
========================================================================
Received Import Request.
  Time since last request: 11.161044 seconds.
  path: Assets/Textures/Skyboxes/Nature
  artifactKey: Guid(9d20d945c0685494ba906e939e1dd86f) Importer(815301076,1909f56bfc062723c751e8b465ee728b)
Start importing Assets/Textures/Skyboxes/Nature using Guid(9d20d945c0685494ba906e939e1dd86f) Importer(815301076,1909f56bfc062723c751e8b465ee728b)  -> (artifact id: 'e1f3c9ee0d2c9c3fec97a14b091535a2') in 0.006688 seconds 
========================================================================
Received Import Request.
  Time since last request: 7.773231 seconds.
  path: Assets/Textures/Nature/Demo with terrain.unity
  artifactKey: Guid(594da9eac4a488a479b252ff922516d9) Importer(815301076,1909f56bfc062723c751e8b465ee728b)
Start importing Assets/Textures/Nature/Demo with terrain.unity using Guid(594da9eac4a488a479b252ff922516d9) Importer(815301076,1909f56bfc062723c751e8b465ee728b)  -> (artifact id: '837293353de1061d9e2f469eba7742d6') in 0.007025 seconds 
========================================================================
Received Import Request.
  Time since last request: 58.300305 seconds.
  path: Assets/Textures/Skyboxes/Cubemaps/FS017
  artifactKey: Guid(3dd001382e7c0d74ebc4adeb628f7627) Importer(815301076,1909f56bfc062723c751e8b465ee728b)
Start importing Assets/Textures/Skyboxes/Cubemaps/FS017 using Guid(3dd001382e7c0d74ebc4adeb628f7627) Importer(815301076,1909f56bfc062723c751e8b465ee728b)  -> (artifact id: '24f201dd3c936ff77af0ad98f10ba5f4') in 0.006957 seconds 
========================================================================
Received Import Request.
  Time since last request: 0.602794 seconds.
  path: Assets/Textures/Skyboxes/Cubemaps/FS002
  artifactKey: Guid(84e67ed20e6185846b3371dbdcab2863) Importer(815301076,1909f56bfc062723c751e8b465ee728b)
Start importing Assets/Textures/Skyboxes/Cubemaps/FS002 using Guid(84e67ed20e6185846b3371dbdcab2863) Importer(815301076,1909f56bfc062723c751e8b465ee728b)  -> (artifact id: 'd448193c1d39f813e7add25f0715cf9b') in 0.001733 seconds 
========================================================================
Received Import Request.
  Time since last request: 105.269560 seconds.
  path: Assets/Textures/Nature/Demo without test terrain.unity
  artifactKey: Guid(12c6f44bbd4eef541a925ea029b57f07) Importer(815301076,1909f56bfc062723c751e8b465ee728b)
Start importing Assets/Textures/Nature/Demo without test terrain.unity using Guid(12c6f44bbd4eef541a925ea029b57f07) Importer(815301076,1909f56bfc062723c751e8b465ee728b)  -> (artifact id: '138cf69ab318b65282b5f3d518bc3731') in 0.038068 seconds 
========================================================================
Received Import Request.
  Time since last request: 2.098948 seconds.
  path: Assets/Textures/Nature/SampleTerrain.asset
  artifactKey: Guid(053158c74390f9e4eb2fbfb90564a82e) Importer(815301076,1909f56bfc062723c751e8b465ee728b)
Start importing Assets/Textures/Nature/SampleTerrain.asset using Guid(053158c74390f9e4eb2fbfb90564a82e) Importer(815301076,1909f56bfc062723c751e8b465ee728b)  -> (artifact id: 'effd18885b3883b3dca132b43e61e896') in 0.169647 seconds 
========================================================================
Received Import Request.
  Time since last request: 8.039231 seconds.
  path: Assets/Textures/Nature/Demo with terrain
  artifactKey: Guid(dda702a668e5aff4e9f4f3c7ed4c199b) Importer(815301076,1909f56bfc062723c751e8b465ee728b)
Start importing Assets/Textures/Nature/Demo with terrain using Guid(dda702a668e5aff4e9f4f3c7ed4c199b) Importer(815301076,1909f56bfc062723c751e8b465ee728b)  -> (artifact id: '9dd4429eb9125554200ff21845a02b2f') in 0.009963 seconds 
========================================================================
Received Import Request.
  Time since last request: 0.039020 seconds.
  path: Assets/Textures/Nature/Demo with terrain/LightingData.asset
  artifactKey: Guid(9235e21aad383004ba4815536366ba54) Importer(815301076,1909f56bfc062723c751e8b465ee728b)
Start importing Assets/Textures/Nature/Demo with terrain/LightingData.asset using Guid(9235e21aad383004ba4815536366ba54) Importer(815301076,1909f56bfc062723c751e8b465ee728b)  -> (artifact id: 'db7ecd0a28ff7c8c6861a1df9878e705') in 0.010034 seconds 
========================================================================
Received Import Request.
  Time since last request: 0.000025 seconds.
  path: Assets/Textures/Nature/Demo with terrain/ReflectionProbe-0.exr
  artifactKey: Guid(3fe0763a27d4f644b9d49b9a37756022) Importer(815301076,1909f56bfc062723c751e8b465ee728b)
Start importing Assets/Textures/Nature/Demo with terrain/ReflectionProbe-0.exr using Guid(3fe0763a27d4f644b9d49b9a37756022) Importer(815301076,1909f56bfc062723c751e8b465ee728b)  -> (artifact id: '552bf0792caf1029a94ff54b31aa966c') in 0.055738 seconds 
========================================================================
Received Import Request.
  Time since last request: 6.714514 seconds.
  path: Assets/Scenes/Area.unity
  artifactKey: Guid(57b4c8df9bee109459556d274a11563b) Importer(815301076,1909f56bfc062723c751e8b465ee728b)
Start importing Assets/Scenes/Area.unity using Guid(57b4c8df9bee109459556d274a11563b) Importer(815301076,1909f56bfc062723c751e8b465ee728b)  -> (artifact id: 'b2200cd6562b98790310020aca5f35a3') in 0.006050 seconds 
========================================================================
Received Import Request.
  Time since last request: 111.352486 seconds.
  path: Assets/Textures/Skyboxes/Classic/FS000_Day_01 1.mat
  artifactKey: Guid(7c531a383ac808c449ae31b089780b6b) Importer(815301076,1909f56bfc062723c751e8b465ee728b)
Start importing Assets/Textures/Skyboxes/Classic/FS000_Day_01 1.mat using Guid(7c531a383ac808c449ae31b089780b6b) Importer(815301076,1909f56bfc062723c751e8b465ee728b)  -> (artifact id: '0e3ccfbffe42d41db746d82c2d4ed072') in 0.016347 seconds 
========================================================================
Received Import Request.
  Time since last request: 488.431965 seconds.
  path: Assets/New Terrain.asset
  artifactKey: Guid(30798b388ac578c409e3db8dffefc5e3) Importer(815301076,1909f56bfc062723c751e8b465ee728b)
Start importing Assets/New Terrain.asset using Guid(30798b388ac578c409e3db8dffefc5e3) Importer(815301076,1909f56bfc062723c751e8b465ee728b)  -> (artifact id: 'ca80ebbf984a6de0336bfba53744efa0') in 0.011462 seconds 
========================================================================
Received Import Request.
  Time since last request: 146.922464 seconds.
  path: Assets/Textures/Gridbox/Checker Floor.mat
  artifactKey: Guid(0974050e32da46747aaecb6321b08cfd) Importer(815301076,1909f56bfc062723c751e8b465ee728b)
Start importing Assets/Textures/Gridbox/Checker Floor.mat using Guid(0974050e32da46747aaecb6321b08cfd) Importer(815301076,1909f56bfc062723c751e8b465ee728b)  -> (artifact id: '2494754ba91ba4219aa65af9e6330562') in 0.022293 seconds 
========================================================================
Received Import Request.
  Time since last request: 1.620127 seconds.
  path: Assets/Textures/Enemy/Enemy Body 1.mat
  artifactKey: Guid(476ec1e0ec54e5e46b2c64fd6d06e087) Importer(815301076,1909f56bfc062723c751e8b465ee728b)
Start importing Assets/Textures/Enemy/Enemy Body 1.mat using Guid(476ec1e0ec54e5e46b2c64fd6d06e087) Importer(815301076,1909f56bfc062723c751e8b465ee728b)  -> (artifact id: '19aa4449ab04cb44e5d7582742e1e180') in 0.012897 seconds 
========================================================================
Received Import Request.
  Time since last request: 51.124182 seconds.
  path: Assets/Textures/Nature/Materials
  artifactKey: Guid(f5ede5cca5daebc449dadc564d2f14be) Importer(815301076,1909f56bfc062723c751e8b465ee728b)
Start importing Assets/Textures/Nature/Materials using Guid(f5ede5cca5daebc449dadc564d2f14be) Importer(815301076,1909f56bfc062723c751e8b465ee728b)  -> (artifact id: 'f7cc8bcc7a8e7a6244707d5186b8d5ab') in 0.006579 seconds 
========================================================================
Received Import Request.
  Time since last request: 2.143174 seconds.
  path: Assets/Textures/Nature/Materials/Texture_Dirt_Diffuse.mat
  artifactKey: Guid(de045793d8f79f042b17ccb7b98eb43b) Importer(815301076,1909f56bfc062723c751e8b465ee728b)
Start importing Assets/Textures/Nature/Materials/Texture_Dirt_Diffuse.mat using Guid(de045793d8f79f042b17ccb7b98eb43b) Importer(815301076,1909f56bfc062723c751e8b465ee728b)  -> (artifact id: '8e86b8cbb17e374524f6753b9b4fa9a3') in 0.016085 seconds 
========================================================================
Received Import Request.
  Time since last request: 0.000022 seconds.
  path: Assets/Textures/Nature/Materials/Texture_Rock_Diffuse.mat
  artifactKey: Guid(7c910ea0ece921247b947bf89da1226a) Importer(815301076,1909f56bfc062723c751e8b465ee728b)
Start importing Assets/Textures/Nature/Materials/Texture_Rock_Diffuse.mat using Guid(7c910ea0ece921247b947bf89da1226a) Importer(815301076,1909f56bfc062723c751e8b465ee728b)  -> (artifact id: '868e40ba2ee5aeec612950aada76c801') in 0.022216 seconds 
========================================================================
Received Import Request.
  Time since last request: 200.907694 seconds.
  path: Assets/Textures/Nature/New Terrain Material.mat
  artifactKey: Guid(b93ac00c753a68f40b9e7d2f89cf6730) Importer(815301076,1909f56bfc062723c751e8b465ee728b)
Start importing Assets/Textures/Nature/New Terrain Material.mat using Guid(b93ac00c753a68f40b9e7d2f89cf6730) Importer(815301076,1909f56bfc062723c751e8b465ee728b)  -> (artifact id: '44462be5b535c0e9fb869cc5b575104f') in 0.066414 seconds 
========================================================================
Received Import Request.
  Time since last request: 466.665008 seconds.
  path: Assets/Textures/Nature/Demo with terrain.unity
  artifactKey: Guid(594da9eac4a488a479b252ff922516d9) Importer(815301076,1909f56bfc062723c751e8b465ee728b)
Start importing Assets/Textures/Nature/Demo with terrain.unity using Guid(594da9eac4a488a479b252ff922516d9) Importer(815301076,1909f56bfc062723c751e8b465ee728b)  -> (artifact id: '4a1cd2556426f0fc57565279dc94b9d8') in 0.016253 seconds 
========================================================================
Received Import Request.
  Time since last request: 1.679643 seconds.
  path: Assets/Textures/Nature/TerrainDirt.terrainlayer
  artifactKey: Guid(d62e27a62f70e074eba77bbd9259e732) Importer(815301076,1909f56bfc062723c751e8b465ee728b)
Start importing Assets/Textures/Nature/TerrainDirt.terrainlayer using Guid(d62e27a62f70e074eba77bbd9259e732) Importer(815301076,1909f56bfc062723c751e8b465ee728b)  -> (artifact id: 'c5b5e1461ee5fada5a0cfeaaaeb7a9fa') in 0.060986 seconds 
========================================================================
Received Import Request.
  Time since last request: 10.033746 seconds.
  path: Assets/Textures/Player/Matte White.mat
  artifactKey: Guid(a3b8296e5963f5a4bb19e84eae81effb) Importer(815301076,1909f56bfc062723c751e8b465ee728b)
Start importing Assets/Textures/Player/Matte White.mat using Guid(a3b8296e5963f5a4bb19e84eae81effb) Importer(815301076,1909f56bfc062723c751e8b465ee728b)  -> (artifact id: '0a94a3c8b918da89704dcd162cacda71') in 2.057613 seconds 
========================================================================
Received Import Request.
  Time since last request: 5.027226 seconds.
  path: Assets/New Terrain.asset
  artifactKey: Guid(30798b388ac578c409e3db8dffefc5e3) Importer(815301076,1909f56bfc062723c751e8b465ee728b)
Start importing Assets/New Terrain.asset using Guid(30798b388ac578c409e3db8dffefc5e3) Importer(815301076,1909f56bfc062723c751e8b465ee728b)  -> (artifact id: '49cdfd4db98e3d7f416375e9c15065e4') in 0.466164 seconds 
========================================================================
Received Import Request.
  Time since last request: 1.352007 seconds.
  path: Assets/Scenes/SampleScene.unity
  artifactKey: Guid(99c9720ab356a0642a771bea13969a05) Importer(815301076,1909f56bfc062723c751e8b465ee728b)
Start importing Assets/Scenes/SampleScene.unity using Guid(99c9720ab356a0642a771bea13969a05) Importer(815301076,1909f56bfc062723c751e8b465ee728b)  -> (artifact id: '7aa756a485effd27e27120848867ef3d') in 0.387709 seconds 
========================================================================
Received Import Request.
  Time since last request: 440.808748 seconds.
  path: Assets/Textures/Nature/Brush_Grass_01 1.png
  artifactKey: Guid(4147f48dbb765e54ba841b88adea0e46) Importer(815301076,1909f56bfc062723c751e8b465ee728b)
Start importing Assets/Textures/Nature/Brush_Grass_01 1.png using Guid(4147f48dbb765e54ba841b88adea0e46) Importer(815301076,1909f56bfc062723c751e8b465ee728b)  -> (artifact id: 'e2ec6c80f233f0f1907f12cca1485518') in 0.032626 seconds 
========================================================================
Received Import Request.
  Time since last request: 54.080406 seconds.
  path: Assets/Textures/Nature/Brush_Grass_02 1.png
  artifactKey: Guid(a4126c7889d107a46afaac32a44ddf5e) Importer(815301076,1909f56bfc062723c751e8b465ee728b)
Start importing Assets/Textures/Nature/Brush_Grass_02 1.png using Guid(a4126c7889d107a46afaac32a44ddf5e) Importer(815301076,1909f56bfc062723c751e8b465ee728b)  -> (artifact id: 'adca280de52a6adfee5ff1ad2289ae6a') in 0.014716 seconds 
========================================================================
Received Import Request.
  Time since last request: 5.030538 seconds.
  path: Assets/Textures/Nature/Brush_Grass_01 1.png
  artifactKey: Guid(4147f48dbb765e54ba841b88adea0e46) Importer(815301076,1909f56bfc062723c751e8b465ee728b)
Start importing Assets/Textures/Nature/Brush_Grass_01 1.png using Guid(4147f48dbb765e54ba841b88adea0e46) Importer(815301076,1909f56bfc062723c751e8b465ee728b)  -> (artifact id: '9830d5e1fead8e2a4e40eb11f691d62e') in 0.016770 seconds 
========================================================================
Received Import Request.
  Time since last request: 88.323650 seconds.
  path: Assets/Textures/Nature/SampleTerrain.asset
  artifactKey: Guid(053158c74390f9e4eb2fbfb90564a82e) Importer(815301076,1909f56bfc062723c751e8b465ee728b)
Start importing Assets/Textures/Nature/SampleTerrain.asset using Guid(053158c74390f9e4eb2fbfb90564a82e) Importer(815301076,1909f56bfc062723c751e8b465ee728b)  -> (artifact id: '71022db95133c9dbc90b3662ab931457') in 0.060846 seconds 
========================================================================
Received Import Request.
  Time since last request: 6.314849 seconds.
  path: Assets/Fantasy Skybox FREE
  artifactKey: Guid(ea29a69ed7eecd64cb609c6bb5a4f60d) Importer(815301076,1909f56bfc062723c751e8b465ee728b)
Start importing Assets/Fantasy Skybox FREE using Guid(ea29a69ed7eecd64cb609c6bb5a4f60d) Importer(815301076,1909f56bfc062723c751e8b465ee728b)  -> (artifact id: '44b192da2473aeb89e781dff6012c948') in 0.003278 seconds 
========================================================================
Received Import Request.
  Time since last request: 0.625753 seconds.
  path: Assets/Fantasy Skybox FREE/Scenes
  artifactKey: Guid(ad789deb3f4c17d41bcfce7c72329488) Importer(815301076,1909f56bfc062723c751e8b465ee728b)
Start importing Assets/Fantasy Skybox FREE/Scenes using Guid(ad789deb3f4c17d41bcfce7c72329488) Importer(815301076,1909f56bfc062723c751e8b465ee728b)  -> (artifact id: '3760aaf5196ebac234620faae9a1ae38') in 0.001944 seconds 
========================================================================
Received Import Request.
  Time since last request: 622.393782 seconds.
  path: Assets/Scenes/Area.unity
  artifactKey: Guid(57b4c8df9bee109459556d274a11563b) Importer(815301076,1909f56bfc062723c751e8b465ee728b)
Start importing Assets/Scenes/Area.unity using Guid(57b4c8df9bee109459556d274a11563b) Importer(815301076,1909f56bfc062723c751e8b465ee728b)  -> (artifact id: '83691ae38abbe7e2fa6840020b24f188') in 0.006319 seconds 
========================================================================
Received Import Request.
  Time since last request: 10.311091 seconds.
  path: Assets/Prefabs/Enemy.prefab
  artifactKey: Guid(6c62240b2f108394b8cc712d2d17998a) Importer(815301076,1909f56bfc062723c751e8b465ee728b)
Start importing Assets/Prefabs/Enemy.prefab using Guid(6c62240b2f108394b8cc712d2d17998a) Importer(815301076,1909f56bfc062723c751e8b465ee728b)  -> (artifact id: 'a81a2c49fd5409213e33e51476f92a45') in 0.087279 seconds 
========================================================================
Received Import Request.
  Time since last request: 6.468142 seconds.
  path: Assets/Prefabs/Player.prefab
  artifactKey: Guid(bbf960af79ac70143a5f7ca1a571dbfb) Importer(815301076,1909f56bfc062723c751e8b465ee728b)
Start importing Assets/Prefabs/Player.prefab using Guid(bbf960af79ac70143a5f7ca1a571dbfb) Importer(815301076,1909f56bfc062723c751e8b465ee728b)  -> (artifact id: 'b35f0daa1321967b23ad64c44b2f12ec') in 0.110427 seconds 
========================================================================
Received Import Request.
  Time since last request: 675.830131 seconds.
  path: Assets/Textures/Stone
  artifactKey: Guid(4a3cf7e70fafdfd4bb31476d6909d705) Importer(815301076,1909f56bfc062723c751e8b465ee728b)
Start importing Assets/Textures/Stone using Guid(4a3cf7e70fafdfd4bb31476d6909d705) Importer(815301076,1909f56bfc062723c751e8b465ee728b)  -> (artifact id: 'ea72565bdb16bf6624154df163bda655') in 0.006130 seconds 
========================================================================
Received Import Request.
  Time since last request: 19.406303 seconds.
  path: Assets/Textures/Stone/Stone.png
  artifactKey: Guid(dbcf5d22df2ddf042a94d9b8f4f3a211) Importer(815301076,1909f56bfc062723c751e8b465ee728b)
Start importing Assets/Textures/Stone/Stone.png using Guid(dbcf5d22df2ddf042a94d9b8f4f3a211) Importer(815301076,1909f56bfc062723c751e8b465ee728b)  -> (artifact id: '90f69a145f41ed20e9eeec495d12466b') in 0.026457 seconds 
========================================================================
Received Import Request.
  Time since last request: 4.343892 seconds.
  path: Assets/Textures/Stone/Stone Normal.png
  artifactKey: Guid(f3ddc1cb34705ba48a83f1cd2fdb29b9) Importer(815301076,1909f56bfc062723c751e8b465ee728b)
Start importing Assets/Textures/Stone/Stone Normal.png using Guid(f3ddc1cb34705ba48a83f1cd2fdb29b9) Importer(815301076,1909f56bfc062723c751e8b465ee728b)  -> (artifact id: 'c30123d4e3b53e21c5fdd9c6ead328e8') in 0.024139 seconds 
========================================================================
Received Import Request.
  Time since last request: 992.920239 seconds.
  path: Assets/Models/Stone 1.fbx
  artifactKey: Guid(b46fa3447f186cf4cb0f029a419c9bb5) Importer(815301076,1909f56bfc062723c751e8b465ee728b)
Start importing Assets/Models/Stone 1.fbx using Guid(b46fa3447f186cf4cb0f029a419c9bb5) Importer(815301076,1909f56bfc062723c751e8b465ee728b)  -> (artifact id: '5b3e8fe909ba042d61162dabebabd736') in 0.953296 seconds 
========================================================================
Received Import Request.
  Time since last request: 0.000023 seconds.
  path: Assets/Models/Stone 5.fbx
  artifactKey: Guid(5fc020a87b4e28c4ca985eb6eec2afc1) Importer(815301076,1909f56bfc062723c751e8b465ee728b)
Start importing Assets/Models/Stone 5.fbx using Guid(5fc020a87b4e28c4ca985eb6eec2afc1) Importer(815301076,1909f56bfc062723c751e8b465ee728b)  -> (artifact id: '6365df16767548c86991709cb481ab01') in 0.040498 seconds 
========================================================================
Received Import Request.
  Time since last request: 0.000023 seconds.
  path: Assets/Models/Stone 7.fbx
  artifactKey: Guid(0c23085c6fd7c5946ada0beaf4bc2c84) Importer(815301076,1909f56bfc062723c751e8b465ee728b)
Start importing Assets/Models/Stone 7.fbx using Guid(0c23085c6fd7c5946ada0beaf4bc2c84) Importer(815301076,1909f56bfc062723c751e8b465ee728b)  -> (artifact id: '87cfb9c293aac90b04cc5412147d7355') in 0.028087 seconds 
========================================================================
Received Import Request.
  Time since last request: 0.000016 seconds.
  path: Assets/Models/Stone 3.fbx
  artifactKey: Guid(e02dd6c440ffe8440b3ce684ed4929d8) Importer(815301076,1909f56bfc062723c751e8b465ee728b)
Start importing Assets/Models/Stone 3.fbx using Guid(e02dd6c440ffe8440b3ce684ed4929d8) Importer(815301076,1909f56bfc062723c751e8b465ee728b)  -> (artifact id: 'f33828f400ef8bb5edc71085ce3329a7') in 0.025375 seconds 
========================================================================
Received Import Request.
  Time since last request: 82.370313 seconds.
  path: Assets/Models/Stone 1.fbx
  artifactKey: Guid(b46fa3447f186cf4cb0f029a419c9bb5) Importer(815301076,1909f56bfc062723c751e8b465ee728b)
Start importing Assets/Models/Stone 1.fbx using Guid(b46fa3447f186cf4cb0f029a419c9bb5) Importer(815301076,1909f56bfc062723c751e8b465ee728b)  -> (artifact id: 'bc2f9fcfc4cbbc284d8493969c920b6e') in 0.026624 seconds 
========================================================================
Received Import Request.
  Time since last request: 4.894938 seconds.
  path: Assets/Textures/Skyboxes/Classic/Materials/FS000_Day_01.mat
  artifactKey: Guid(8ad7b8dd190fdf94b9dbb1d259842993) Importer(815301076,1909f56bfc062723c751e8b465ee728b)
Start importing Assets/Textures/Skyboxes/Classic/Materials/FS000_Day_01.mat using Guid(8ad7b8dd190fdf94b9dbb1d259842993) Importer(815301076,1909f56bfc062723c751e8b465ee728b)  -> (artifact id: 'bd79928a9658b66a82380a9b6668e773') in 0.019872 seconds 
========================================================================
Received Import Request.
  Time since last request: 4.327426 seconds.
  path: Assets/Models/Stone 2.fbx
  artifactKey: Guid(1ee6cc89663eb47408c46b083a1e12f1) Importer(815301076,1909f56bfc062723c751e8b465ee728b)
Start importing Assets/Models/Stone 2.fbx using Guid(1ee6cc89663eb47408c46b083a1e12f1) Importer(815301076,1909f56bfc062723c751e8b465ee728b)  -> (artifact id: '59c2c262e2e9d5ef289e7557492c8f7f') in 0.031932 seconds 
========================================================================
Received Import Request.
  Time since last request: 3.403051 seconds.
  path: Assets/Models/Stone 3.fbx
  artifactKey: Guid(e02dd6c440ffe8440b3ce684ed4929d8) Importer(815301076,1909f56bfc062723c751e8b465ee728b)
Start importing Assets/Models/Stone 3.fbx using Guid(e02dd6c440ffe8440b3ce684ed4929d8) Importer(815301076,1909f56bfc062723c751e8b465ee728b)  -> (artifact id: '146c9fd7aef8fad52b2432690e85f646') in 0.025763 seconds 
========================================================================
Received Import Request.
  Time since last request: 3.273206 seconds.
  path: Assets/Models/Stone 4.fbx
  artifactKey: Guid(f3497c1d719c465408262f61a424ab7b) Importer(815301076,1909f56bfc062723c751e8b465ee728b)
Start importing Assets/Models/Stone 4.fbx using Guid(f3497c1d719c465408262f61a424ab7b) Importer(815301076,1909f56bfc062723c751e8b465ee728b)  -> (artifact id: '6ae9c22b6a0f8e293f6171004cb104aa') in 0.025885 seconds 
========================================================================
Received Import Request.
  Time since last request: 3.515630 seconds.
  path: Assets/Models/Stone 5.fbx
  artifactKey: Guid(5fc020a87b4e28c4ca985eb6eec2afc1) Importer(815301076,1909f56bfc062723c751e8b465ee728b)
Start importing Assets/Models/Stone 5.fbx using Guid(5fc020a87b4e28c4ca985eb6eec2afc1) Importer(815301076,1909f56bfc062723c751e8b465ee728b)  -> (artifact id: '09c0d86fda9c2ab7b70d3b15493b2f46') in 0.030167 seconds 
========================================================================
Received Import Request.
  Time since last request: 4.516742 seconds.
  path: Assets/Models/Stone 6.fbx
  artifactKey: Guid(e51bf474ce104734e9995008f39bd4f1) Importer(815301076,1909f56bfc062723c751e8b465ee728b)
Start importing Assets/Models/Stone 6.fbx using Guid(e51bf474ce104734e9995008f39bd4f1) Importer(815301076,1909f56bfc062723c751e8b465ee728b)  -> (artifact id: 'ddca38415abef9a4a4b82c04694522fd') in 0.029877 seconds 
========================================================================
Received Import Request.
  Time since last request: 2.768842 seconds.
  path: Assets/Models/Stone 7.fbx
  artifactKey: Guid(0c23085c6fd7c5946ada0beaf4bc2c84) Importer(815301076,1909f56bfc062723c751e8b465ee728b)
Start importing Assets/Models/Stone 7.fbx using Guid(0c23085c6fd7c5946ada0beaf4bc2c84) Importer(815301076,1909f56bfc062723c751e8b465ee728b)  -> (artifact id: 'de4e784ebf61f4e4b3cb097739279202') in 0.031023 seconds 
========================================================================
Received Import Request.
  Time since last request: 2.759833 seconds.
  path: Assets/Models/Stone 8.fbx
  artifactKey: Guid(72558d660252fa54792b346e8da77948) Importer(815301076,1909f56bfc062723c751e8b465ee728b)
Start importing Assets/Models/Stone 8.fbx using Guid(72558d660252fa54792b346e8da77948) Importer(815301076,1909f56bfc062723c751e8b465ee728b)  -> (artifact id: '364500f1229bfcadab7650bf81648c1a') in 0.030099 seconds 
========================================================================
Received Import Request.
  Time since last request: 129.013242 seconds.
  path: Assets/Models/Stone 1.fbx
  artifactKey: Guid(b46fa3447f186cf4cb0f029a419c9bb5) Importer(815301076,1909f56bfc062723c751e8b465ee728b)
Start importing Assets/Models/Stone 1.fbx using Guid(b46fa3447f186cf4cb0f029a419c9bb5) Importer(815301076,1909f56bfc062723c751e8b465ee728b)  -> (artifact id: '9825fd00dbfaf3d1b6b7e2e0b90cd80b') in 0.031530 seconds 
========================================================================
Received Import Request.
  Time since last request: 0.000021 seconds.
  path: Assets/Models/Stone 4.fbx
  artifactKey: Guid(f3497c1d719c465408262f61a424ab7b) Importer(815301076,1909f56bfc062723c751e8b465ee728b)
Start importing Assets/Models/Stone 4.fbx using Guid(f3497c1d719c465408262f61a424ab7b) Importer(815301076,1909f56bfc062723c751e8b465ee728b)  -> (artifact id: '9dfc29c3c7290f84907e1342c5676fe7') in 0.021224 seconds 
========================================================================
Received Import Request.
  Time since last request: 0.205332 seconds.
  path: Assets/Models/Stone 3.fbx
  artifactKey: Guid(e02dd6c440ffe8440b3ce684ed4929d8) Importer(815301076,1909f56bfc062723c751e8b465ee728b)
Start importing Assets/Models/Stone 3.fbx using Guid(e02dd6c440ffe8440b3ce684ed4929d8) Importer(815301076,1909f56bfc062723c751e8b465ee728b)  -> (artifact id: 'f07caa039f4b3ffce745db31c215b3c0') in 0.026908 seconds 
========================================================================
Received Import Request.
  Time since last request: 0.000022 seconds.
  path: Assets/Models/Stone 7.fbx
  artifactKey: Guid(0c23085c6fd7c5946ada0beaf4bc2c84) Importer(815301076,1909f56bfc062723c751e8b465ee728b)
Start importing Assets/Models/Stone 7.fbx using Guid(0c23085c6fd7c5946ada0beaf4bc2c84) Importer(815301076,1909f56bfc062723c751e8b465ee728b)  -> (artifact id: '1a82690e37e8f63ac547a0accec829f9') in 0.022539 seconds 
========================================================================
Received Import Request.
  Time since last request: 171.645773 seconds.
  path: Assets/Prefabs/Enemy.prefab
  artifactKey: Guid(6c62240b2f108394b8cc712d2d17998a) Importer(815301076,1909f56bfc062723c751e8b465ee728b)
Start importing Assets/Prefabs/Enemy.prefab using Guid(6c62240b2f108394b8cc712d2d17998a) Importer(815301076,1909f56bfc062723c751e8b465ee728b)  -> (artifact id: '1066a512b32f2256feca6b69323fc124') in 0.028651 seconds 
========================================================================
Received Import Request.
  Time since last request: 64.296362 seconds.
  path: Assets/Scripts/Player/Spear.cs
  artifactKey: Guid(63714b91d0c4f3f4e973eeedc4ce864a) Importer(815301076,1909f56bfc062723c751e8b465ee728b)
Start importing Assets/Scripts/Player/Spear.cs using Guid(63714b91d0c4f3f4e973eeedc4ce864a) Importer(815301076,1909f56bfc062723c751e8b465ee728b)  -> (artifact id: 'efcfc3904dfaa751d593003a063d0cc5') in 0.013817 seconds 
========================================================================
Received Prepare
Switching render pipeline 7b7fd9122c28c4d15b667c7040e3b3fd -> e1260c1148f6143b28bae5ace5e9c5d1
Refreshing native plugins compatible for Editor in 12.20 ms, found 4 plugins.
Preloading 0 native plugins for Editor in 0.00 ms.
Unloading 40 Unused Serialized files (Serialized files now loaded: 0)
Unloading 40 unused Assets / (382.2 KB). Loaded Objects now: 6759.
Memory consumption went from 157.1 MB to 156.7 MB.
Total: 43.599500 ms (FindLiveObjects: 0.485400 ms CreateObjectMapping: 0.271800 ms MarkObjects: 42.654400 ms  DeleteObjects: 0.185800 ms)

AssetImportParameters requested are different than current active one (requested -> active):
  custom:video-decoder-ogg-theora: a1e56fd34408186e4bbccfd4996cb3dc -> 
  custom:container-muxer-webm: aa71ff27fc2769a1b78a27578f13a17b -> 
  custom:container-demuxer-webm: 4f35f7cbe854078d1ac9338744f61a02 -> 
  custom:video-encoder-webm-vp8: eb34c28f22e8b96e1ab97ce403110664 -> 
  custom:audio-encoder-webm-vorbis: bf7c407c2cedff20999df2af8eb42d56 -> 
  custom:framework-win-MediaFoundation: 216162199b28c13a410421893ffa2e32 -> 
  custom:container-demuxer-ogg: 62fdf1f143b41e24485cea50d1cbac27 -> 
  custom:video-decoder-webm-vp8: 9c59270c3fd7afecdb556c50c9e8de78 -> 
  custom:audio-decoder-ogg-vorbis: bf7c407c2cedff20999df2af8eb42d56 -> 
  custom:srp/default-pipeline: 1e62c011846f41b382ab5eca5e9e5c1d -> b7f79d21c2824c1db566c707043e3bdf
========================================================================
Received Import Request.
  Time since last request: 10258.453955 seconds.
  path: Assets/New Terrain.asset
  artifactKey: Guid(30798b388ac578c409e3db8dffefc5e3) Importer(815301076,1909f56bfc062723c751e8b465ee728b)
Start importing Assets/New Terrain.asset using Guid(30798b388ac578c409e3db8dffefc5e3) Importer(815301076,1909f56bfc062723c751e8b465ee728b)  -> (artifact id: '9d449da57e8190344c27cb137c8ff135') in 0.097421 seconds 
========================================================================
Received Prepare
Registering precompiled user dll's ...
Registered in 0.012679 seconds.
Begin MonoManager ReloadAssembly
Symbol file LoadedFromMemory doesn't match image C:\Users\Owner\Desktop\Unity\Games\3D-RPG\Library\PackageCache\com.unity.visualscripting@1.7.8\Editor\VisualScripting.Core\Dependencies\YamlDotNet\Unity.VisualScripting.YamlDotNet.dll
Symbol file LoadedFromMemory doesn't match image C:\Users\Owner\Desktop\Unity\Games\3D-RPG\Library\PackageCache\com.unity.visualscripting@1.7.8\Editor\VisualScripting.Core\Dependencies\DotNetZip\Unity.VisualScripting.IonicZip.dll
Native extension for WindowsStandalone target not found
Native extension for WebGL target not found
Refreshing native plugins compatible for Editor in 1.87 ms, found 4 plugins.
Preloading 0 native plugins for Editor in 0.00 ms.
Mono: successfully reloaded assembly
- Completed reload, in  1.341 seconds
Domain Reload Profiling:
	ReloadAssembly (1342ms)
		BeginReloadAssembly (225ms)
			ExecutionOrderSort (0ms)
			DisableScriptedObjects (18ms)
			BackupInstance (0ms)
			ReleaseScriptingObjects (0ms)
			CreateAndSetChildDomain (113ms)
		EndReloadAssembly (1029ms)
			LoadAssemblies (86ms)
			RebuildTransferFunctionScriptingTraits (0ms)
			SetupTypeCache (240ms)
				TypeCache.Initialize (231ms)
					TypeCache.ScanAssembly (218ms)
				ResolveRequiredComponents (10ms)
			ReleaseScriptCaches (2ms)
			RebuildScriptCaches (33ms)
			SetupLoadedEditorAssemblies (575ms)
				LogAssemblyErrors (0ms)
				InitializePlatformSupportModulesInManaged (13ms)
				SetLoadedEditorAssemblies (5ms)
				RefreshPlugins (2ms)
				BeforeProcessingInitializeOnLoad (106ms)
				ProcessInitializeOnLoadAttributes (375ms)
				ProcessInitializeOnLoadMethodAttributes (63ms)
				AfterProcessingInitializeOnLoad (10ms)
				EditorAssembliesLoaded (0ms)
			ExecutionOrderSort2 (0ms)
			AwakeInstancesAfterBackupRestoration (16ms)
Platform modules already initialized, skipping
Refreshing native plugins compatible for Editor in 2.76 ms, found 4 plugins.
Preloading 0 native plugins for Editor in 0.00 ms.
Unloading 5897 Unused Serialized files (Serialized files now loaded: 0)
Unloading 40 unused Assets / (384.9 KB). Loaded Objects now: 6746.
Memory consumption went from 0.92 GB to 0.92 GB.
Total: 3.728400 ms (FindLiveObjects: 0.338800 ms CreateObjectMapping: 0.328100 ms MarkObjects: 2.775900 ms  DeleteObjects: 0.285000 ms)

AssetImportParameters requested are different than current active one (requested -> active):
  custom:video-decoder-ogg-theora: a1e56fd34408186e4bbccfd4996cb3dc -> 
  custom:container-muxer-webm: aa71ff27fc2769a1b78a27578f13a17b -> 
  custom:container-demuxer-webm: 4f35f7cbe854078d1ac9338744f61a02 -> 
  custom:video-encoder-webm-vp8: eb34c28f22e8b96e1ab97ce403110664 -> 
  custom:audio-encoder-webm-vorbis: bf7c407c2cedff20999df2af8eb42d56 -> 
  custom:framework-win-MediaFoundation: 216162199b28c13a410421893ffa2e32 -> 
  custom:container-demuxer-ogg: 62fdf1f143b41e24485cea50d1cbac27 -> 
  custom:video-decoder-webm-vp8: 9c59270c3fd7afecdb556c50c9e8de78 -> 
  custom:audio-decoder-ogg-vorbis: bf7c407c2cedff20999df2af8eb42d56 -> 
========================================================================
Received Prepare
Refreshing native plugins compatible for Editor in 10.66 ms, found 4 plugins.
Preloading 0 native plugins for Editor in 0.00 ms.
Unloading 40 Unused Serialized files (Serialized files now loaded: 0)
Unloading 40 unused Assets / (106.8 KB). Loaded Objects now: 6746.
Memory consumption went from 148.1 MB to 148.0 MB.
Total: 4.219700 ms (FindLiveObjects: 0.331300 ms CreateObjectMapping: 0.328100 ms MarkObjects: 3.515400 ms  DeleteObjects: 0.044400 ms)

AssetImportParameters requested are different than current active one (requested -> active):
  custom:video-decoder-ogg-theora: a1e56fd34408186e4bbccfd4996cb3dc -> 
  custom:container-muxer-webm: aa71ff27fc2769a1b78a27578f13a17b -> 
  custom:container-demuxer-webm: 4f35f7cbe854078d1ac9338744f61a02 -> 
  custom:video-encoder-webm-vp8: eb34c28f22e8b96e1ab97ce403110664 -> 
  custom:audio-encoder-webm-vorbis: bf7c407c2cedff20999df2af8eb42d56 -> 
  custom:framework-win-MediaFoundation: 216162199b28c13a410421893ffa2e32 -> 
  custom:container-demuxer-ogg: 62fdf1f143b41e24485cea50d1cbac27 -> 
  custom:video-decoder-webm-vp8: 9c59270c3fd7afecdb556c50c9e8de78 -> 
  custom:audio-decoder-ogg-vorbis: bf7c407c2cedff20999df2af8eb42d56 -> 
========================================================================
Received Prepare
Refreshing native plugins compatible for Editor in 9.44 ms, found 4 plugins.
Preloading 0 native plugins for Editor in 0.00 ms.
Unloading 40 Unused Serialized files (Serialized files now loaded: 0)
Unloading 40 unused Assets / (106.8 KB). Loaded Objects now: 6746.
Memory consumption went from 148.1 MB to 148.0 MB.
Total: 3.531600 ms (FindLiveObjects: 0.414000 ms CreateObjectMapping: 0.188200 ms MarkObjects: 2.881900 ms  DeleteObjects: 0.046800 ms)

AssetImportParameters requested are different than current active one (requested -> active):
  custom:video-decoder-ogg-theora: a1e56fd34408186e4bbccfd4996cb3dc -> 
  custom:container-muxer-webm: aa71ff27fc2769a1b78a27578f13a17b -> 
  custom:container-demuxer-webm: 4f35f7cbe854078d1ac9338744f61a02 -> 
  custom:video-encoder-webm-vp8: eb34c28f22e8b96e1ab97ce403110664 -> 
  custom:audio-encoder-webm-vorbis: bf7c407c2cedff20999df2af8eb42d56 -> 
  custom:framework-win-MediaFoundation: 216162199b28c13a410421893ffa2e32 -> 
  custom:container-demuxer-ogg: 62fdf1f143b41e24485cea50d1cbac27 -> 
  custom:video-decoder-webm-vp8: 9c59270c3fd7afecdb556c50c9e8de78 -> 
  custom:audio-decoder-ogg-vorbis: bf7c407c2cedff20999df2af8eb42d56 -> 
========================================================================
Received Import Request.
  Time since last request: 468.342280 seconds.
  path: Assets/TerrainData_ea2d174a-7cfc-493d-9831-2c3429e4ce63.asset
  artifactKey: Guid(20e3891e306aa974c95e603be9ea8137) Importer(815301076,1909f56bfc062723c751e8b465ee728b)
Start importing Assets/TerrainData_ea2d174a-7cfc-493d-9831-2c3429e4ce63.asset using Guid(20e3891e306aa974c95e603be9ea8137) Importer(815301076,1909f56bfc062723c751e8b465ee728b)  -> (artifact id: '7c346481a101af7248f349ba5385b6ae') in 0.074576 seconds 
========================================================================
Received Prepare
Registering precompiled user dll's ...
Registered in 0.011432 seconds.
Begin MonoManager ReloadAssembly
Symbol file LoadedFromMemory doesn't match image C:\Users\Owner\Desktop\Unity\Games\3D-RPG\Library\PackageCache\com.unity.visualscripting@1.7.8\Editor\VisualScripting.Core\Dependencies\YamlDotNet\Unity.VisualScripting.YamlDotNet.dll
Symbol file LoadedFromMemory doesn't match image C:\Users\Owner\Desktop\Unity\Games\3D-RPG\Library\PackageCache\com.unity.visualscripting@1.7.8\Editor\VisualScripting.Core\Dependencies\DotNetZip\Unity.VisualScripting.IonicZip.dll
Native extension for WindowsStandalone target not found
Native extension for WebGL target not found
Refreshing native plugins compatible for Editor in 1.01 ms, found 4 plugins.
Preloading 0 native plugins for Editor in 0.00 ms.
Mono: successfully reloaded assembly
- Completed reload, in  1.093 seconds
Domain Reload Profiling:
	ReloadAssembly (1094ms)
		BeginReloadAssembly (120ms)
			ExecutionOrderSort (0ms)
			DisableScriptedObjects (3ms)
			BackupInstance (0ms)
			ReleaseScriptingObjects (0ms)
			CreateAndSetChildDomain (39ms)
		EndReloadAssembly (880ms)
			LoadAssemblies (81ms)
			RebuildTransferFunctionScriptingTraits (0ms)
			SetupTypeCache (245ms)
				TypeCache.Initialize (232ms)
					TypeCache.ScanAssembly (226ms)
				ResolveRequiredComponents (13ms)
			ReleaseScriptCaches (2ms)
			RebuildScriptCaches (39ms)
			SetupLoadedEditorAssemblies (449ms)
				LogAssemblyErrors (0ms)
				InitializePlatformSupportModulesInManaged (16ms)
				SetLoadedEditorAssemblies (4ms)
				RefreshPlugins (1ms)
				BeforeProcessingInitializeOnLoad (96ms)
				ProcessInitializeOnLoadAttributes (265ms)
				ProcessInitializeOnLoadMethodAttributes (59ms)
				AfterProcessingInitializeOnLoad (8ms)
				EditorAssembliesLoaded (0ms)
			ExecutionOrderSort2 (0ms)
			AwakeInstancesAfterBackupRestoration (17ms)
Platform modules already initialized, skipping
Refreshing native plugins compatible for Editor in 4.46 ms, found 4 plugins.
Preloading 0 native plugins for Editor in 0.00 ms.
Unloading 5893 Unused Serialized files (Serialized files now loaded: 0)
Unloading 40 unused Assets / (109.5 KB). Loaded Objects now: 6762.
Memory consumption went from 0.92 GB to 0.92 GB.
Total: 3.646300 ms (FindLiveObjects: 0.351400 ms CreateObjectMapping: 0.279900 ms MarkObjects: 2.967800 ms  DeleteObjects: 0.046600 ms)

AssetImportParameters requested are different than current active one (requested -> active):
  custom:video-decoder-ogg-theora: a1e56fd34408186e4bbccfd4996cb3dc -> 
  custom:container-muxer-webm: aa71ff27fc2769a1b78a27578f13a17b -> 
  custom:container-demuxer-webm: 4f35f7cbe854078d1ac9338744f61a02 -> 
  custom:video-encoder-webm-vp8: eb34c28f22e8b96e1ab97ce403110664 -> 
  custom:audio-encoder-webm-vorbis: bf7c407c2cedff20999df2af8eb42d56 -> 
  custom:framework-win-MediaFoundation: 216162199b28c13a410421893ffa2e32 -> 
  custom:container-demuxer-ogg: 62fdf1f143b41e24485cea50d1cbac27 -> 
  custom:video-decoder-webm-vp8: 9c59270c3fd7afecdb556c50c9e8de78 -> 
  custom:audio-decoder-ogg-vorbis: bf7c407c2cedff20999df2af8eb42d56 -> 
========================================================================
Received Import Request.
  Time since last request: 45.429371 seconds.
  path: Assets/Scenes/UI.unity
  artifactKey: Guid(1bd07cb8e406d7f4582bde243104c81b) Importer(815301076,1909f56bfc062723c751e8b465ee728b)
Start importing Assets/Scenes/UI.unity using Guid(1bd07cb8e406d7f4582bde243104c81b) Importer(815301076,1909f56bfc062723c751e8b465ee728b)  -> (artifact id: 'a0871a7f36e64caa1adebe58f5320f2c') in 0.015803 seconds 
========================================================================
Received Import Request.
  Time since last request: 25.350376 seconds.
  path: Assets/Scenes/Area.unity
  artifactKey: Guid(57b4c8df9bee109459556d274a11563b) Importer(815301076,1909f56bfc062723c751e8b465ee728b)
Start importing Assets/Scenes/Area.unity using Guid(57b4c8df9bee109459556d274a11563b) Importer(815301076,1909f56bfc062723c751e8b465ee728b)  -> (artifact id: '44f1dc1922361a2985dc1758cd41063d') in 0.006987 seconds 
========================================================================
Received Prepare
Registering precompiled user dll's ...
Registered in 0.011027 seconds.
Begin MonoManager ReloadAssembly
Symbol file LoadedFromMemory doesn't match image C:\Users\Owner\Desktop\Unity\Games\3D-RPG\Library\PackageCache\com.unity.visualscripting@1.7.8\Editor\VisualScripting.Core\Dependencies\YamlDotNet\Unity.VisualScripting.YamlDotNet.dll
Symbol file LoadedFromMemory doesn't match image C:\Users\Owner\Desktop\Unity\Games\3D-RPG\Library\PackageCache\com.unity.visualscripting@1.7.8\Editor\VisualScripting.Core\Dependencies\DotNetZip\Unity.VisualScripting.IonicZip.dll
Native extension for WindowsStandalone target not found
Native extension for WebGL target not found
Refreshing native plugins compatible for Editor in 1.02 ms, found 4 plugins.
Preloading 0 native plugins for Editor in 0.00 ms.
Mono: successfully reloaded assembly
- Completed reload, in  1.036 seconds
Domain Reload Profiling:
	ReloadAssembly (1037ms)
		BeginReloadAssembly (126ms)
			ExecutionOrderSort (0ms)
			DisableScriptedObjects (4ms)
			BackupInstance (0ms)
			ReleaseScriptingObjects (0ms)
			CreateAndSetChildDomain (39ms)
		EndReloadAssembly (805ms)
			LoadAssemblies (94ms)
			RebuildTransferFunctionScriptingTraits (0ms)
			SetupTypeCache (221ms)
				TypeCache.Initialize (212ms)
					TypeCache.ScanAssembly (207ms)
				ResolveRequiredComponents (9ms)
			ReleaseScriptCaches (2ms)
			RebuildScriptCaches (31ms)
			SetupLoadedEditorAssemblies (410ms)
				LogAssemblyErrors (0ms)
				InitializePlatformSupportModulesInManaged (15ms)
				SetLoadedEditorAssemblies (4ms)
				RefreshPlugins (1ms)
				BeforeProcessingInitializeOnLoad (72ms)
				ProcessInitializeOnLoadAttributes (252ms)
				ProcessInitializeOnLoadMethodAttributes (58ms)
				AfterProcessingInitializeOnLoad (8ms)
				EditorAssembliesLoaded (0ms)
			ExecutionOrderSort2 (0ms)
			AwakeInstancesAfterBackupRestoration (12ms)
Platform modules already initialized, skipping
Refreshing native plugins compatible for Editor in 4.07 ms, found 4 plugins.
Preloading 0 native plugins for Editor in 0.00 ms.
Unloading 5893 Unused Serialized files (Serialized files now loaded: 0)
Unloading 40 unused Assets / (109.5 KB). Loaded Objects now: 6778.
Memory consumption went from 0.92 GB to 0.92 GB.
Total: 3.467200 ms (FindLiveObjects: 0.326400 ms CreateObjectMapping: 0.246100 ms MarkObjects: 2.855700 ms  DeleteObjects: 0.038400 ms)

AssetImportParameters requested are different than current active one (requested -> active):
  custom:video-decoder-ogg-theora: a1e56fd34408186e4bbccfd4996cb3dc -> 
  custom:container-muxer-webm: aa71ff27fc2769a1b78a27578f13a17b -> 
  custom:container-demuxer-webm: 4f35f7cbe854078d1ac9338744f61a02 -> 
  custom:video-encoder-webm-vp8: eb34c28f22e8b96e1ab97ce403110664 -> 
  custom:audio-encoder-webm-vorbis: bf7c407c2cedff20999df2af8eb42d56 -> 
  custom:framework-win-MediaFoundation: 216162199b28c13a410421893ffa2e32 -> 
  custom:container-demuxer-ogg: 62fdf1f143b41e24485cea50d1cbac27 -> 
  custom:video-decoder-webm-vp8: 9c59270c3fd7afecdb556c50c9e8de78 -> 
  custom:audio-decoder-ogg-vorbis: bf7c407c2cedff20999df2af8eb42d56 -> 
========================================================================
Received Prepare
Registering precompiled user dll's ...
Registered in 0.012556 seconds.
Begin MonoManager ReloadAssembly
Symbol file LoadedFromMemory doesn't match image C:\Users\Owner\Desktop\Unity\Games\3D-RPG\Library\PackageCache\com.unity.visualscripting@1.7.8\Editor\VisualScripting.Core\Dependencies\YamlDotNet\Unity.VisualScripting.YamlDotNet.dll
Symbol file LoadedFromMemory doesn't match image C:\Users\Owner\Desktop\Unity\Games\3D-RPG\Library\PackageCache\com.unity.visualscripting@1.7.8\Editor\VisualScripting.Core\Dependencies\DotNetZip\Unity.VisualScripting.IonicZip.dll
Native extension for WindowsStandalone target not found
Native extension for WebGL target not found
Refreshing native plugins compatible for Editor in 1.78 ms, found 4 plugins.
Preloading 0 native plugins for Editor in 0.00 ms.
Mono: successfully reloaded assembly
- Completed reload, in  1.041 seconds
Domain Reload Profiling:
	ReloadAssembly (1041ms)
		BeginReloadAssembly (128ms)
			ExecutionOrderSort (0ms)
			DisableScriptedObjects (4ms)
			BackupInstance (0ms)
			ReleaseScriptingObjects (0ms)
			CreateAndSetChildDomain (40ms)
		EndReloadAssembly (803ms)
			LoadAssemblies (95ms)
			RebuildTransferFunctionScriptingTraits (0ms)
			SetupTypeCache (201ms)
				TypeCache.Initialize (192ms)
					TypeCache.ScanAssembly (186ms)
				ResolveRequiredComponents (9ms)
			ReleaseScriptCaches (1ms)
			RebuildScriptCaches (30ms)
			SetupLoadedEditorAssemblies (424ms)
				LogAssemblyErrors (0ms)
				InitializePlatformSupportModulesInManaged (18ms)
				SetLoadedEditorAssemblies (5ms)
				RefreshPlugins (2ms)
				BeforeProcessingInitializeOnLoad (88ms)
				ProcessInitializeOnLoadAttributes (247ms)
				ProcessInitializeOnLoadMethodAttributes (55ms)
				AfterProcessingInitializeOnLoad (9ms)
				EditorAssembliesLoaded (0ms)
			ExecutionOrderSort2 (0ms)
			AwakeInstancesAfterBackupRestoration (12ms)
Platform modules already initialized, skipping
Refreshing native plugins compatible for Editor in 3.17 ms, found 4 plugins.
Preloading 0 native plugins for Editor in 0.00 ms.
Unloading 5893 Unused Serialized files (Serialized files now loaded: 0)
Unloading 40 unused Assets / (109.4 KB). Loaded Objects now: 6794.
Memory consumption went from 0.92 GB to 0.92 GB.
Total: 3.210400 ms (FindLiveObjects: 0.342200 ms CreateObjectMapping: 0.145700 ms MarkObjects: 2.684400 ms  DeleteObjects: 0.037400 ms)

AssetImportParameters requested are different than current active one (requested -> active):
  custom:video-decoder-ogg-theora: a1e56fd34408186e4bbccfd4996cb3dc -> 
  custom:container-muxer-webm: aa71ff27fc2769a1b78a27578f13a17b -> 
  custom:container-demuxer-webm: 4f35f7cbe854078d1ac9338744f61a02 -> 
  custom:video-encoder-webm-vp8: eb34c28f22e8b96e1ab97ce403110664 -> 
  custom:audio-encoder-webm-vorbis: bf7c407c2cedff20999df2af8eb42d56 -> 
  custom:framework-win-MediaFoundation: 216162199b28c13a410421893ffa2e32 -> 
  custom:container-demuxer-ogg: 62fdf1f143b41e24485cea50d1cbac27 -> 
  custom:video-decoder-webm-vp8: 9c59270c3fd7afecdb556c50c9e8de78 -> 
  custom:audio-decoder-ogg-vorbis: bf7c407c2cedff20999df2af8eb42d56 -> 
========================================================================
Received Prepare
Refreshing native plugins compatible for Editor in 8.74 ms, found 4 plugins.
Preloading 0 native plugins for Editor in 0.00 ms.
Unloading 40 Unused Serialized files (Serialized files now loaded: 0)
Unloading 40 unused Assets / (106.8 KB). Loaded Objects now: 6794.
Memory consumption went from 148.2 MB to 148.1 MB.
Total: 3.303500 ms (FindLiveObjects: 0.332200 ms CreateObjectMapping: 0.128700 ms MarkObjects: 2.807200 ms  DeleteObjects: 0.034900 ms)

AssetImportParameters requested are different than current active one (requested -> active):
  custom:video-decoder-ogg-theora: a1e56fd34408186e4bbccfd4996cb3dc -> 
  custom:container-muxer-webm: aa71ff27fc2769a1b78a27578f13a17b -> 
  custom:container-demuxer-webm: 4f35f7cbe854078d1ac9338744f61a02 -> 
  custom:video-encoder-webm-vp8: eb34c28f22e8b96e1ab97ce403110664 -> 
  custom:audio-encoder-webm-vorbis: bf7c407c2cedff20999df2af8eb42d56 -> 
  custom:framework-win-MediaFoundation: 216162199b28c13a410421893ffa2e32 -> 
  custom:container-demuxer-ogg: 62fdf1f143b41e24485cea50d1cbac27 -> 
  custom:video-decoder-webm-vp8: 9c59270c3fd7afecdb556c50c9e8de78 -> 
  custom:audio-decoder-ogg-vorbis: bf7c407c2cedff20999df2af8eb42d56 -> 
========================================================================
Received Import Request.
  Time since last request: 1336.644190 seconds.
  path: Assets/Textures/Nature/Texture_Grass_Diffuse.png
  artifactKey: Guid(5e1acf362611957488060eee4178b3f3) Importer(815301076,1909f56bfc062723c751e8b465ee728b)
Start importing Assets/Textures/Nature/Texture_Grass_Diffuse.png using Guid(5e1acf362611957488060eee4178b3f3) Importer(815301076,1909f56bfc062723c751e8b465ee728b)  -> (artifact id: '7526c145be1c6d8da86fc83c63c4e327') in 0.298686 seconds 
========================================================================
Received Import Request.
  Time since last request: 0.000025 seconds.
  path: Assets/Textures/Nature/Texture_Rock_Diffuse.png
  artifactKey: Guid(5749f76eaefd4464d864cb20ae8451aa) Importer(815301076,1909f56bfc062723c751e8b465ee728b)
Start importing Assets/Textures/Nature/Texture_Rock_Diffuse.png using Guid(5749f76eaefd4464d864cb20ae8451aa) Importer(815301076,1909f56bfc062723c751e8b465ee728b)  -> (artifact id: '0ea543e3483c2549aac23e04d143a454') in 0.015534 seconds 
========================================================================
Received Import Request.
  Time since last request: 0.000027 seconds.
  path: Assets/Textures/Nature/TerrainGrass.terrainlayer
  artifactKey: Guid(adb6478a7f24de14eb356d6dc3d0c502) Importer(815301076,1909f56bfc062723c751e8b465ee728b)
Start importing Assets/Textures/Nature/TerrainGrass.terrainlayer using Guid(adb6478a7f24de14eb356d6dc3d0c502) Importer(815301076,1909f56bfc062723c751e8b465ee728b)  -> (artifact id: '7a4c3a1634fa1a6f2964376419680e64') in 0.974903 seconds 
========================================================================
Received Import Request.
  Time since last request: 0.000026 seconds.
  path: Assets/Models/Stone 5.fbx
  artifactKey: Guid(5fc020a87b4e28c4ca985eb6eec2afc1) Importer(815301076,1909f56bfc062723c751e8b465ee728b)
Start importing Assets/Models/Stone 5.fbx using Guid(5fc020a87b4e28c4ca985eb6eec2afc1) Importer(815301076,1909f56bfc062723c751e8b465ee728b)  -> (artifact id: 'a7313fa2709dbb86eed18deafee6f4ff') in 0.290552 seconds 
========================================================================
Received Import Request.
  Time since last request: 0.000039 seconds.
  path: Assets/Models/Stone 7.fbx
  artifactKey: Guid(0c23085c6fd7c5946ada0beaf4bc2c84) Importer(815301076,1909f56bfc062723c751e8b465ee728b)
Start importing Assets/Models/Stone 7.fbx using Guid(0c23085c6fd7c5946ada0beaf4bc2c84) Importer(815301076,1909f56bfc062723c751e8b465ee728b)  -> (artifact id: '4fc4b53139ff3c8baf2621b52f839e7d') in 0.031153 seconds 
========================================================================
Received Import Request.
  Time since last request: 0.000019 seconds.
  path: Assets/Models/Stone 2.fbx
  artifactKey: Guid(1ee6cc89663eb47408c46b083a1e12f1) Importer(815301076,1909f56bfc062723c751e8b465ee728b)
Start importing Assets/Models/Stone 2.fbx using Guid(1ee6cc89663eb47408c46b083a1e12f1) Importer(815301076,1909f56bfc062723c751e8b465ee728b)  -> (artifact id: '744d436fcd3626bc4989ca775257f9a9') in 0.028485 seconds 
========================================================================
Received Import Request.
  Time since last request: 0.000019 seconds.
  path: Assets/Models/Stone 6.fbx
  artifactKey: Guid(e51bf474ce104734e9995008f39bd4f1) Importer(815301076,1909f56bfc062723c751e8b465ee728b)
Start importing Assets/Models/Stone 6.fbx using Guid(e51bf474ce104734e9995008f39bd4f1) Importer(815301076,1909f56bfc062723c751e8b465ee728b)  -> (artifact id: '81062e4a1b55c8a384a3019d34d60cc5') in 0.022705 seconds 
========================================================================
Received Prepare
